21 11
26 23
37 48
5 4
35 33
40 61
18 10
29 47
12 17
6 11
8 10
34 46
21 25
23 28
11 6
38 35
30 27
23 33
60 48
32 27
33 35
68 51
35 28
34 22
35 32
54 40
50 42
34 61
59 49
61 44
47 56
59 60
31 25
7 18
49 43
10 4
59 46
60 49
3 4
24 33
32 23
48 69
10 12
17 18
26 27
29 36
44 37
35 48
29 32
54 56
51 16
57 50
63 58
10 14
45 61
22 31
15 6
37 56
56 67
71 57
38 38
13 11
34 49
19 17
54 48
45 62
5 5
51 55
59 52
14 8
2 5
13 23
11 19
20 29
7 6
21 27
2 1
45 43
17 18
25 14
44 36
59 60
40 32
51 57
30 47
9 17
31 26
40 20
16 20
60 45
5 14
38 25
58 36
22 27
20 16
17 15
46 47
19 25
