600
6549
360
4059
528
1260
420
870
3111
11850
918
3969
1326
561
6000
2640
7446
5217
5934
4002
8265
162
186
1875
162
1053
1479
12177
756
1485
3552
2730
2280
90
2592
45
7722
3204
747
969
294
3132
3363
11466
480
5244
5346
6450
5307
9936
651
4257
2244
1872
216
4368
3393
4920
378
2880
1980
8235
243
252
1491
3744
4590
1728
2322
4380
6192
12513
756
864
1365
774
6360
6480
2232
4692
10290
3888
429
1134
1053
2418
3726
11088
4080
3600
171
7560
192
9870
6804
588
288
2400
1323
3900
192
720
2280
1215
1080
2622
702
9555
8085
615
4851
11850
450
6804
576
2553
693
2025
9159
2856
6699
1044
1140
4692
4998
4272
9990
585
1152
3948
468
3132
315
8601
7482
720
288
1188
2040
5040
576
444
6321
5310
444
3087
2448
486
3009
462
9720
3225
5400
1320
8946
1476
5508
855
7050
1023
10476
7722
246
156
729
1050
819
1638
2403
3600
1044
1551
5346
318
504
4200
9504
585
1134
1800
5106
378
3300
270
7290
8262
3180
297
306
9936
3132
4278
4779
2142
1152
4845
1176
4608
168
75
9114
150
1968
666
2583
9660
2772
3315
5100
2142
11730
810
1365
9180
741
1305
1470
4536
4851
954
4332
759
2232
792
5700
1152
11280
2925
240
3510
3009
135
1917
2574
1221
2910
6408
7920
1944
11475
3570
480
5313
2418
960
594
5940
30
7920
1104
2475
1815
198
2079
6435
27
8910
1656
2160
2835
540
348
4929
2211
8439
2604
7980
429
3948
13662
426
900
10050
1188
3498
2610
2520
396
576
10800
4260
5106
2958
3393
1386
10395
4830
90
3726
1785
1764
10200
4047
7626
297
4950
5616
1530
4914
1950
5130
153
3168
96
4278
957
261
4218
10185
132
2166
135
4224
6885
864
5664
3024
12804
105
3132
5586
5832
4230
2160
3720
903
10716
6984
9372
2244
4929
2088
4347
165
1425
7644
3696
4515
2508
2106
4680
1890
4560
4902
1032
6222
492
6048
9555
2844
1302
1140
4446
4176
2700
870
7668
4608
1650
6519
8544
1800
6840
8184
8100
9450
555
3570
5100
3900
6834
1485
3108
11808
1728
12936
6345
1638
1248
1599
2418
462
90
2970
9360
10332
1863
1881
2622
4500
5130
12150
3075
10836
1440
7110
7719
5043
3510
10080
1155
2628
780
2448
3102
7455
2325
630
5859
1365
6825
4089
2829
828
1080
9165
4536
3108
3915
3384
5694
432
333
408
5427
507
3321
2958
5760
4602
1755
11286
4743
7215
1290
2610
4347
714
2001
66
8928
9198
30
2871
1470
2784
2610
360
3819
11466
4416
7200
2925
4335
2142
4500
675
5070
1560
420
126
990
7452
858
2430
7857
5487
8832
3564
2190
315
7254
4899
2079
567
4860
4320
4005
648
1215
8400
3465
1950
969
2622
12474
4836
2223
4371
3456
8280
720
10881
6399
7776
8208
990
1728
4554
9120
3696
3648
9576
7140
8550
9165
4437
1800
6732
135
3339
11868
186
129
8772
144
450
3654
999
405
3081
3105
864
2760
2475
882
810
93
5130
1776
1800
162
147
6900
3213
3300
2871
6993
5076
9612
1287
1932
5307
6138
7866
336
5106
5040
1914
840
660
228
1584
2625
1530
10962
12513
7872
1014
432
1488
2160
570
2580
1353
135
4080
2010
3150
1872
9963
3999
1443
6555
153
945
10086
531
156
3024
4818
483
5166
2280
2745
6972
2016
1008
1353
390
1581
585
483
2442
5874
180
4686
390
891
12201
6660
2730
198
1896
2967
1134
1500
1071
5148
81
8100
4515
96
2610
1134
5040
1035
6525
11880
546
5742
3612
13068
864
7161
1440
4158
414
9936
2193
2511
2112
1353
2091
3330
3168
4914
3087
2184
285
522
528
3540
6468
8118
522
351
9000
3666
3243
1200
4650
4656
3492
1872
3240
198
5016
456
11745
3036
2871
7347
1008
4488
1350
2886
1632
6960
135
1080
252
360
1323
7200
1215
8127
1539
480
3024
1980
342
4440
1224
1071
10332
648
714
1269
3648
273
105
6993
9360
5040
2592
2040
3675
6372
57
2511
1701
6816
2625
2808
7038
297
2145
285
2904
8910
7128
1140
3420
2736
6786
966
2400
2268
1872
2805
3318
4752
3321
8496
390
858
3807
4182
930
2925
1272
4134
8658
729
6138
3000
240
3198
2520
13818
1170
6480
2898
1200
819
93
11583
7125
2226
7020
5538
504
2340
13824
513
648
10032
483
1479
369
60
972
594
3072
3744
858
3600
3204
3564
5130
207
3240
2850
1044
141
4455
2052
9648
8970
5658
5130
14406
960
2967
3000
3969
4998
564
402
3813
3393
2730
7611
3300
4374
9348
5292
3381
48
4608
2130
180
9960
4365
171
3813
3588
8178
216
6231
8769
1320
2574
219
10560
513
2844
1455
2268
1692
6720
2784
8640
3990
1224
1785
5307
87
777
3876
108
4218
8148
459
5394
8316
4860
3510
1848
3612
396
1365
5796
5043
11286
9900
315
126
5814
1032
4212
3570
861
4818
3276
2394
9918
882
5472
12096
9702
3486
7800
468
819
13104
9021
1248
840
2001
5994
486
4410
7221
4032
1710
11484
7410
210
2268
840
5580
3780
594
5412
12936
8280
96
7200
267
189
2100
4005
708
7749
255
3381
1161
1428
135
2970
6816
7080
3600
1656
4446
5934
11583
6498
561
5751
2349
3219
8964
9
1848
2088
11481
2700
6789
1350
7695
6912
8568
5082
2109
3741
582
10086
420
11088
1782
8037
3042
12012
1215
180
702
4002
312
6240
3780
8118
3705
9165
2880
219
3321
1485
7290
10395
924
672
630
3186
6138
3069
2190
570
2640
9450
252
540
1752
630
5346
90
6375
180
6174
1032
8640
3417
129
5547
10350
9024
594
5952
10764
13230
585
6405
3168
252
180
7722
63
2166
1320
7872
5406
4836
2592
1260
12006
279
720
1491
1161
1827
6762
12000
378
2040
3990
4500
144
912
1125
1608
8640
1725
9477
216
297
3657
1728
183
1134
81
2925
7050
3075
7998
234
276
2016
6552
8613
270
1650
10800
4002
5904
2961
1656
5265
12672
2820
63
3792
2325
1320
972
756
8892
10881
4095
4758
924
2460
7605
333
1530
6384
3600
7500
2013
2520
2538
198
5841
330
5301
1020
1881
13395
198
531
648
36
1575
900
12672
4998
1428
4941
8946
1311
10800
2619
3717
4806
7992
252
13113
7155
609
594
1377
4356
1602
4422
5916
192
882
5070
270
387
5106
2352
621
972
9021
10200
4263
792
1521
9636
1392
2604
9711
756
120
864
8970
5310
3234
2226
459
1386
10500
3813
1617
660
10395
1944
2016
10146
504
1638
144
6960
1974
2709
297
1260
4884
213
5412
756
792
45
9900
5220
6006
240
7905
3570
180
660
1782
3219
2535
1224
645
7800
2268
1320
75
5100
480
1218
3
9030
2016
2940
2475
3306
2835
378
3339
8976
1068
1683
492
1386
6579
2130
2376
2025
2679
8004
1380
1833
8400
7425
7917
1431
1692
2016
828
192
1311
8064
9768
3465
756
1674
840
9522
10800
210
10323
522
4800
5460
1530
6210
1764
14700
1008
1656
1539
144
4218
12150
7050
1254
5358
9348
1566
7203
5859
2736
2160
372
2223
4422
1224
4902
2376
585
8991
4959
1944
702
1245
1455
3564
354
30
3948
5814
2688
954
11220
1989
7098
2646
13650
774
6405
5829
7650
2970
4554
231
2583
900
3240
2400
10560
966
102
2478
13230
1512
3024
1152
1365
4428
3888
9447
5100
162
5607
2700
1968
3564
8370
252
2961
903
90
3990
9975
3168
4032
9165
2211
2070
5256
6909
66
1845
2052
1242
4332
3819
1440
12384
7872
3081
120
1476
1890
11760
513
2697
1716
3132
3450
5775
4488
1305
990
6132
3780
11616
2880
12900
2160
420
7857
6237
2793
891
2688
7128
4368
648
360
5040
3825
6345
3456
3108
5640
11352
3450
189
546
9288
4125
8730
10989
6321
2040
255
4095
576
6195
8700
1656
6384
9804
2550
1911
1521
264
234
9312
2772
120
4752
75
1755
9702
1122
5760
5733
8649
2079
345
8400
7524
1296
4305
84
12126
987
1752
900
3807
2850
4230
6699
14100
222
3456
480
3102
1848
2916
570
3096
2709
261
6534
8127
2880
11970
10998
825
7038
273
2835
12540
3600
4731
11931
2907
1704
612
3243
3087
765
234
4536
4623
7455
6120
4059
5166
144
576
5766
5850
4212
2016
2430
2376
2820
2244
6552
4884
13050
1674
7896
1887
24
690
5535
9504
1845
7503
6972
7920
2304
3510
7569
5727
2115
5289
8463
8100
1080
2952
27
798
576
2550
4656
435
1215
600
2052
1287
990
1683
912
264
8700
744
2256
1752
3168
3120
3888
1935
2430
1350
4554
6006
4662
1080
282
5166
2754
10956
690
255
7347
2976
234
14700
1620
1020
10692
6873
615
1221
324
2109
3162
408
7050
1521
7260
1296
3552
6786
7128
312
1140
672
4005
96
3648
1323
1455
1989
2850
1740
1392
2652
2793
777
2709
474
7749
270
1386
8466
2484
1638
1575
9108
3240
7770
3528
558
2175
3600
7320
2925
261
3267
4536
11040
138
4224
684
594
750
8091
333
3216
2457
645
72
2052
11685
3570
8856
30
5040
1290
9960
2850
7830
2208
3906
9900
5880
1764
7533
2025
2016
378
4620
7038
858
1560
6900
5412
1620
1287
5406
6630
756
1023
8736
4773
198
4698
12
1287
7503
1995
5229
561
285
1380
4575
3996
4500
2964
3828
972
6132
288
9261
1440
7200
6195
8160
8160
5760
57
756
1008
2691
300
5148
5775
1512
8100
15
12006
1560
6264
1743
10062
90
8142
7839
9072
816
8142
1485
2394
9546
2604
1776
720
4800
1131
57
2592
3432
8460
2754
96
7473
9555
1836
2772
1767
1200
3960
3078
207
570
2961
6204
9996
1260
11100
153
1674
4500
2562
6723
147
2460
219
6006
7875
1080
11094
414
10428
342
2739
2397
9348
1248
2262
6468
7830
819
810
11610
3774
216
3330
2574
864
10290
11484
5565
8148
3
3393
7452
7866
2583
12900
2880
7488
5760
4830
5760
6402
2592
1863
2160
2580
9720
4248
10989
7452
60
7788
2376
1932
3960
2175
9207
9045
2175
12012
288
7695
5202
13386
3009
990
9594
12690
5184
3600
4158
1800
9150
2814
10260
1134
2304
11025
5850
1269
8040
240
7791
2907
3408
13524
1659
900
78
11745
660
14400
570
255
5952
2139
4836
11481
450
684
4995
11583
2793
3402
246
3168
6624
7857
5307
6903
9405
588
936
972
8769
144
4725
1617
243
7866
3219
3645
5133
123
1326
1029
1188
4218
10584
3465
1254
8979
2277
3450
4410
2337
9828
9729
1512
168
2520
1836
3834
3936
12696
7020
10449
486
108
405
5202
5340
720
480
936
9933
1242
1470
12267
1617
4128
234
10044
12240
1692
9360
1200
3075
6384
1785
8217
1617
816
270
3978
9648
9504
3696
5481
7569
12384
8700
4329
5184
7614
7056
144
1785
6480
11970
6
180
9360
5499
189
2700
1530
4662
300
5670
1560
2790
2511
2583
282
3159
11025
6300
5208
450
336
222
252
11481
1050
10050
432
1026
9435
3420
7140
4968
4158
6174
534
5472
4071
675
1080
7812
546
8316
8520
3300
5130
1560
4116
2328
1692
5670
3627
1242
3984
14400
972
1470
1734
4095
8295
30
9045
3075
4788
2016
1410
2415
330
5214
2040
12096
120
4386
5529
1848
2379
1173
5850
2511
315
3840
5187
6708
2916
2208
7176
45
837
7644
6141
2622
690
6615
5478
900
3888
1128
525
2538
1323
5760
9360
837
1911
1800
3885
1188
10209
8316
3483
8925
8316
1275
3339
4845
5808
21
2775
5022
12201
1260
6498
5115
8820
2565
7626
3984
11070
243
7056
2610
11316
9594
9021
3978
3990
5244
132
4050
5400
534
1530
3570
1665
2805
5964
7221
13524
360
2025
9120
2997
378
1140
732
954
288
12834
12771
441
444
4656
6090
4914
8850
816
2838
5985
99
3480
1107
10836
3024
6642
2160
7392
5301
5103
4080
4305
1170
2448
1365
2040
759
1887
5490
4752
3234
33
5676
4374
7872
693
198
1020
6435
1029
918
930
3132
3726
4410
3168
4104
630
24
2880
4320
1590
2655
9555
4356
2115
4968
4158
1488
3456
3960
2880
3045
2898
1380
3564
1944
252
957
6762
798
693
2100
4560
390
3978
1320
9660
1728
4221
5100
507
3813
210
3780
1428
3948
2346
10878
5022
4536
1581
3540
102
8214
1260
288
4428
600
576
6408
10500
630
861
255
2337
1716
3762
1035
6240
228
5289
3204
2160
9000
1584
4182
3525
5106
8487
4860
768
4674
4914
4536
2511
1215
11475
429
1755
4512
198
3240
8883
1071
6210
2574
1530
10656
10656
6027
1224
1725
8712
4182
7326
1332
405
2040
8874
1650
9840
12
7995
1575
1800
828
351
3240
4845
10731
3456
7314
4620
996
945
10296
4554
8439
4656
420
2964
183
2436
2079
162
4785
13968
6084
255
4290
8064
7320
3240
2772
387
1056
3570
138
1980
2250
8640
6327
2100
5568
4884
2376
3348
4305
6882
4032
540
7182
5940
5544
567
3276
7308
7344
1134
3741
912
2385
3672
5247
2940
2736
1260
387
2262
936
8556
924
1326
6768
90
2700
6624
1710
855
117
3999
2250
2850
2280
1134
6630
8250
11520
180
1302
774
4773
5043
3159
1170
2736
1089
2574
273
7980
1008
3384
414
2829
4305
693
5658
1911
4230
204
4602
315
5760
2625
6210
162
10878
4794
11481
1575
1311
3654
1440
6072
390
7200
10857
10602
1944
6732
1521
2304
6321
2016
141
9729
525
264
6000
4026
3102
2970
4095
201
4029
11616
13110
4557
2880
3402
42
3672
2058
1311
9804
9120
672
153
3384
3885
11178
450
1209
5841
6000
276
6150
4350
1710
1680
2499
483
1107
2256
14112
3300
3906
2079
1224
8232
2484
5382
4320
2058
5214
5346
765
2322
3936
69
2898
876
2754
135
4059
9405
5733
738
1275
4896
1476
4998
2970
1566
4410
9216
639
480
3621
9555
4200
4128
297
216
4329
957
11220
1560
957
1710
693
8064
9384
9612
2304
3174
987
7875
3843
3135
1938
2550
2415
11400
11223
99
7821
900
1620
13680
1785
2640
2790
6138
1035
798
5589
252
7524
13959
9009
3570
11439
81
5985
3654
8928
3861
3306
180
3927
7176
1056
2736
3738
66
540
6240
492
30
5940
4536
9102
4371
4272
414
5481
492
6930
3000
615
2856
2400
10830
2244
1305
9180
11844
21
549
162
9165
252
3807
126
624
1170
1410
9576
6480
2208
13536
10800
4623
3081
8058
819
96
4641
11286
2592
4914
3465
9720
270
1377
2652
1428
7326
5640
5922
13050
9024
4320
588
4845
423
8100
888
3822
1995
1848
1242
675
675
5658
7524
9024
4125
2415
7140
8976
945
1323
81
5670
2418
36
1848
7245
2166
7347
138
1920
5307
87
5460
2679
96
9450
3510
1071
3195
1950
6090
2088
3402
9576
7884
2535
8928
2346
102
1656
2730
3024
3456
819
2349
5472
8544
8880
4332
2565
912
9975
7560
4410
759
168
5451
3276
6996
7881
192
4116
11997
11970
12150
744
6786
2232
4500
99
11178
4554
360
792
2052
3375
210
7503
684
5112
585
13392
3162
588
6006
4977
648
1197
240
1920
2145
1026
360
510
900
3000
11172
2784
1152
135
1584
1323
792
9396
600
1479
14100
2394
2400
4218
7155
5964
2904
1530
3255
81
4071
690
6930
4503
2160
3024
6699
8103
234
11703
1917
189
4512
216
612
1656
12000
5031
3864
4140
1500
8487
522
5346
3255
924
3096
2574
7371
1080
9840
5049
2457
1887
126
1764
5535
10332
5607
6600
888
648
1260
1575
12936
1665
342
2520
819
2331
1800
297
3150
702
540
4095
6300
5070
1275
2880
6720
5400
13800
1722
7020
1395
9504
675
1455
2700
273
1155
189
2838
12408
1275
1254
621
6048
1152
8892
1134
738
3744
6984
2550
5265
540
2850
105
3456
690
4455
525
2475
3180
1836
1887
2160
2040
516
4653
2862
4617
3666
2142
858
972
2460
8127
168
2016
4116
867
2160
279
3240
4284
696
432
7644
1863
885
10032
5292
5733
264
1932
288
3105
2550
13095
1944
714
510
2160
11739
4161
525
3042
1458
2295
1764
6105
297
10824
1029
5805
2880
6696
216
4134
6972
5985
825
3132
7434
3420
825
2370
3828
2880
1008
1974
10098
11550
6840
1008
441
3441
6696
27
4260
432
2178
6786
7275
9435
60
8439
240
2100
3840
3738
3612
4977
1890
8232
297
9450
243
8643
2250
9450
6204
969
1989
10125
855
7611
6960
1938
7470
4284
9345
13524
459
6615
6603
192
5265
138
1953
3168
27
459
2937
2790
3159
738
2496
165
1056
8424
5880
10716
5472
9594
534
2673
1188
8640
702
93
5796
3150
516
1560
33
8580
2208
630
7155
8256
126
5640
3510
2052
1176
5049
9963
153
75
1140
5400
5160
3465
3822
7215
3654
1530
10350
5130
966
8178
2340
3072
5766
840
9612
420
1881
594
3840
7128
270
234
10062
8883
3276
2394
1935
483
1443
11025
4860
3552
1134
7008
3885
150
6270
258
8874
3255
12276
3705
1566
1656
1530
2430
486
2475
657
5478
27
2610
4464
540
1404
7104
855
108
2100
792
759
1080
3885
2040
2583
6765
768
612
10656
8262
1890
1566
936
6348
180
5148
2208
8052
969
243
3738
1800
168
4902
5202
693
3450
6132
6300
10824
1638
174
7236
1827
5904
5751
3060
1173
3420
150
1053
3600
600
8880
1071
10428
36
996
1584
630
14406
11613
288
4704
3360
1728
1521
7770
9936
1332
1470
4275
1164
3312
1995
36
480
8019
2025
7260
5628
3213
6432
1476
2871
5382
3132
4329
11562
2553
12267
6642
2214
342
7227
7800
390
5100
891
336
4365
3105
7830
2790
2028
1512
1152
3300
516
345
1311
4968
12177
11475
6336
2376
9417
10920
7425
12
7830
1275
5565
7128
12900
3315
5040
4275
6837
147
4836
8775
11562
3588
7203
5940
7788
5244
5625
8235
1749
9612
10800
132
297
6750
4935
120
10101
5796
8322
2604
360
2970
2037
14112
5400
1989
1881
765
2337
4140
4692
3645
3348
288
363
3024
5184
420
7020
14553
7392
7812
2016
1368
6600
3888
711
213
9720
4779
2565
6204
12960
6000
11421
1104
174
3024
18
2583
9918
660
13800
4959
4422
945
11550
1680
2430
12201
5922
4536
528
972
1152
9372
540
5250
4536
2193
2325
1155
7650
693
3312
6786
1887
6105
294
864
5280
2052
135
8295
4092
4653
558
7995
4851
8424
9690
828
84
1575
1395
4158
3225
7812
11745
957
2496
1404
9417
2160
5829
4884
450
2775
7203
6105
3666
66
9765
4104
5100
7791
45
5280
5256
3384
6396
6993
672
324
2580
1155
8835
12642
1026
7791
2442
2940
5439
792
1470
117
1170
969
3120
3876
2130
6885
9720
2754
9
2448
6435
4134
10836
2808
3420
9504
1173
1353
1677
3564
2457
885
2508
7275
4743
63
594
54
3828
4956
3036
1989
5700
6615
10530
2064
1209
9675
1248
8820
57
11997
600
5499
2736
2100
4500
8928
11868
837
4176
4350
1575
9324
8319
405
7473
63
882
459
2184
1767
1881
90
12384
480
9312
495
1176
2835
45
5700
540
9504
441
4257
1725
2277
4914
1353
1710
6600
9828
3120
8037
1218
2964
1428
6300
1794
9603
1080
6192
4650
6111
9990
1680
6072
4131
4590
5124
756
4050
1476
11520
81
420
7917
969
276
648
180
1197
5289
3480
900
1863
2484
2190
2805
810
3384
3384
4104
105
2205
5883
7254
1872
924
5580
396
168
6732
11115
8835
3021
7650
1881
2052
11400
2484
6120
4200
2820
1440
11160
8613
3978
2100
2703
987
8103
7821
9690
1188
6105
192
1836
288
3000
10920
5247
13230
5940
4284
4320
13950
6351
882
1674
8778
3864
3300
8811
3060
1872
5670
975
4896
5280
132
5280
4617
561
9894
294
6612
2772
8550
474
3360
1560
4653
810
3402
11616
4020
6006
4437
11025
9450
3900
5625
1677
4980
4446
5733
13104
777
342
297
3720
1617
4980
2475
819
8040
5820
627
630
12408
11484
6042
3741
3441
9246
2106
4650
5520
408
9180
315
5766
5130
6873
5130
7308
195
4320
258
600
1680
420
2772
2340
3942
2112
4410
2622
2310
1701
189
5307
1848
540
8316
864
4260
8424
3741
6498
6804
3201
7560
3540
3204
11880
12150
903
690
2232
7035
1386
9234
2046
6840
8256
1908
1080
540
1218
198
4446
11730
3168
4020
9078
1062
3744
2385
1311
1932
6552
9
63
378
1386
495
2475
5046
69
2835
756
2079
6984
3159
7254
7560
7839
201
39
10050
198
663
2700
13959
459
1521
4935
1134
2523
2964
1989
4770
3780
5688
6279
414
2562
735
48
441
780
5292
945
2415
8280
816
11907
11700
3795
645
7695
3969
3564
13248
5040
6486
3996
9240
3159
12408
3069
660
4263
12642
3813
5934
5922
8700
3906
8040
33
6552
900
5439
7869
4704
3024
4290
11115
1716
498
873
648
4560
384
426
6624
11616
5031
387
6195
2736
228
2652
2700
9555
1683
720
1350
240
1971
1260
270
8976
4320
5427
8148
168
6984
5664
132
138
2871
9348
798
1416
4896
4320
972
888
2400
5406
1008
6027
6195
2907
846
5460
9300
5727
8265
11466
3861
60
11172
528
3822
2349
792
2499
12513
3819
2100
306
3243
1584
360
2190
3306
10962
855
7488
8496
5256
7350
1704
1863
552
10434
3348
600
10575
1716
1323
405
2328
3240
4623
1674
5535
2091
1305
975
6624
1140
4380
2808
13110
3243
9975
3510
90
552
2016
2346
9504
531
6006
9207
1380
765
2448
8142
5244
1512
1470
648
5976
7371
3213
3264
4851
4272
6405
594
4050
888
6138
4935
9159
3528
2142
7482
9021
2352
2214
6675
10998
4347
1953
216
3528
10902
5124
2883
1176
7344
5874
84
5670
225
1056
1152
945
1800
2010
6966
1584
570
4020
1122
1296
513
3960
8694
5688
756
936
1170
4725
9675
5775
9990
3432
252
3726
13083
10878
744
5589
297
2982
2208
690
4095
1380
4032
105
525
1890
345
11193
2583
10824
11550
7452
11100
564
1995
378
7560
2343
2736
9555
3690
3648
2574
1104
6072
648
4560
2070
777
6960
594
4416
7437
468
8658
1881
4368
438
2610
3168
8532
1107
6006
378
7590
13365
3348
5928
2187
444
1530
1305
984
7650
1209
3465
408
8232
3618
4059
9648
1560
5760
8526
4095
273
276
204
2184
5049
558
6837
8694
2898
2583
720
8514
5244
3003
3675
1458
1155
759
903
999
1770
1350
10296
2079
4224
8580
609
3999
609
11739
2925
11352
12960
87
1353
5130
8217
10935
2772
3045
2961
5880
3510
5184
108
9045
144
5355
99
990
12642
1107
408
4200
783
780
4698
261
159
918
10701
2226
5832
4365
4752
1368
9729
8544
9936
4620
1311
1206
252
1887
450
5394
108
93
1386
2370
7992
4320
4125
1188
8487
2520
462
102
270
2370
9306
3264
4158
1080
8760
1197
1032
342
12015
4512
3264
720
13377
4752
2079
2970
1575
171
10950
4554
1584
12972
4131
3240
2436
6600
486
5022
7950
1647
1680
2820
948
1740
1200
2925
6942
12690
3135
5550
6063
2925
1170
4770
7905
13350
297
14100
270
6120
2967
2898
567
735
315
540
1872
1305
3060
5187
342
957
12600
9765
12900
96
1638
5265
3015
10455
648
8127
12420
11550
3519
9840
4185
3354
4131
1323
1935
3255
276
9246
1911
6840
5304
375
5418
1932
2268
1470
33
3441
4959
6150
810
3621
9072
261
3540
13386
108
450
630
114
9078
3366
5700
588
8415
1224
10455
8418
4941
1449
840
4941
12420
2352
9384
294
102
207
567
4785
330
3813
3567
7371
13365
6885
2592
5850
129
81
2640
24
4272
2088
3675
3927
7350
5160
210
720
924
6732
420
1311
3792
1599
3792
2523
852
5586
7434
4350
3087
10716
765
3276
594
1485
4284
7905
2829
7992
4365
6468
4464
594
3528
57
3465
7980
5460
4218
11139
12300
10626
9894
342
2139
1764
1548
1260
330
5661
312
5043
3906
3300
729
6150
1728
2832
6174
990
4371
546
1980
315
996
582
10800
750
630
2013
2340
336
819
2619
3456
10950
3360
6930
1113
5187
4212
516
5976
10050
10050
2187
4500
1005
1683
3504
675
2535
10164
8262
6579
5472
4275
567
13950
3978
2805
1431
10665
11880
6750
1938
186
2790
3942
480
1827
240
225
6912
10062
1200
4968
81
3159
3243
891
11040
129
252
1224
423
5100
9159
2337
8613
1221
738
1380
6321
2730
198
2691
2745
4896
270
969
8601
2736
1824
5700
7056
7128
450
2430
1260
5733
1314
369
2910
384
8532
3705
4440
4617
4290
6201
1116
3783
8316
9855
1584
135
2790
3906
6210
1656
708
4080
1134
1197
2058
8643
10413
9282
2820
1026
4902
10044
1950
1260
2415
3552
5103
3528
7056
210
462
6225
1428
7590
900
4860
9102
1890
1404
111
108
2328
663
585
27
5724
8892
6120
234
4392
702
6144
7056
1083
5415
3780
3432
3168
4524
4416
5184
63
1890
5145
5475
504
3465
3690
2850
3465
9246
954
1008
108
2640
2175
2457
891
8217
1260
2880
324
13536
6231
945
324
3036
2409
6048
11466
660
504
8085
6450
2277
2829
6480
9870
972
4500
465
2475
3990
8295
324
522
2376
630
5355
6930
8733
2376
3240
10575
6279
957
159
3999
9072
11583
1287
4950
594
11475
3645
2790
960
6396
2442
3069
2175
6318
360
216
270
783
1320
9348
12006
6435
66
4047
5130
3150
4368
4950
2025
1215
810
2160
3741
5700
738
195
4725
615
7722
12672
480
6120
12420
4644
3366
6417
9720
5292
1332
6405
4071
1062
915
1035
6600
6975
144
10080
594
10857
288
7644
4080
2160
10296
3420
2430
378
2484
12513
3825
2310
2835
1890
228
5166
42
6027
1452
264
2622
2178
867
2700
2958
2604
1206
4698
261
720
4704
1650
1215
10665
5280
1044
348
1620
3744
570
8256
777
9990
9348
1470
3567
6264
435
570
8547
525
1056
9300
6825
1881
1323
4446
10044
4653
1173
1368
4134
3132
288
5472
2784
405
1800
4272
1050
6975
9408
10224
2508
2046
1218
1653
7965
9720
6048
201
1395
150
2790
4266
213
288
2448
11172
3591
1440
1920
4686
7776
6708
1023
4371
4422
3900
5418
12900
570
9936
3567
4455
2604
2100
90
1095
1056
2820
6048
4794
174
6027
14553
8319
3555
1638
2613
3213
2070
10434
3825
342
180
2664
414
126
5832
10800
1560
2016
4692
1170
3741
13365
7869
5220
1887
663
6210
1176
6900
1275
11748
12285
864
8316
10836
342
6210
5310
1026
2835
3591
1332
243
105
4158
8400
2898
1200
1050
3936
174
636
10080
11466
600
615
11952
1890
8241
6561
4800
8352
84
2304
2730
75
2016
240
63
918
2538
3267
3456
1131
1425
459
3339
1584
1422
3654
198
7350
1659
9135
10584
702
6768
1485
1440
3243
3528
648
468
312
2640
3024
13350
3201
1044
360
8748
1620
18
2904
3024
2898
1128
7392
2460
1809
10455
7056
2754
210
3948
3600
78
1206
1638
2436
4914
2508
1746
2475
2304
5100
4680
10707
3942
3315
111
4515
2175
1971
2145
2880
2970
3528
2475
2340
675
714
2295
132
3135
495
456
2349
12834
603
5244
561
312
810
1656
4386
3825
3750
1830
6321
3486
4959
456
2106
10146
1716
1026
7215
1485
3654
2739
14400
2673
1365
5976
2070
9240
2475
9360
11562
8190
13392
4347
6270
2430
1188
7950
3243
360
1200
8142
3000
2790
5100
14553
5625
4557
4365
4233
3762
3723
5313
270
720
8820
1230
69
1200
1932
2370
2046
2400
3456
144
2106
8307
2280
6498
2346
756
1764
1344
3648
1947
6732
3444
4980
9603
11760
270
936
11739
2079
2376
11172
9348
9348
297
1650
8550
9165
1110
6534
1404
792
5481
10209
3720
639
7140
3990
6900
360
48
270
3444
8712
10428
306
3267
1887
450
3315
12960
3267
2550
1530
1050
1314
9900
10332
1140
1128
1350
5994
675
432
5670
1395
6804
360
2175
171
504
405
384
1710
5829
3348
3219
12
123
297
4935
2673
1188
5805
3213
5859
528
7353
1968
3834
3960
255
315
972
4797
1056
2688
1680
12690
5016
9009
1752
6156
4428
84
10428
4851
5040
10656
9690
5208
1443
9963
1335
1647
87
3159
11193
4032
1881
4104
5760
810
5076
6000
3102
1014
5145
9849
2193
2790
3162
6048
8580
1221
2541
8415
4818
5472
546
6600
7728
3834
2604
2958
12300
5016
7029
1323
4104
4830
2397
120
5346
1530
561
162
957
2850
4080
756
2925
255
4860
1215
11223
4080
486
10260
4125
1410
1950
2565
5145
8103
183
2349
6786
3408
2184
6417
5880
756
2262
2862
1656
4950
288
4455
288
24
11520
3402
1134
6930
8091
138
1140
5427
7839
7623
2730
987
1242
8505
7371
1221
8208
7056
2112
6768
1800
8100
990
567
4257
5625
468
3906
1848
4278
13395
8352
6732
1476
5412
2958
9159
5226
2478
837
3150
840
1863
7533
234
1200
576
7659
6888
2277
3864
7668
126
684
1575
4725
2340
5832
5382
7950
7968
273
297
3876
8556
6942
588
2622
4416
7503
10545
6006
3519
126
975
4485
2349
555
255
507
2460
2709
180
3612
3162
108
7140
3666
36
9555
4959
2664
1062
1659
4140
918
621
4554
1512
1320
2940
2052
9
1728
2793
1035
36
213
7425
4392
4959
5475
507
8307
2700
504
33
5166
2142
1188
11739
6279
4725
84
2691
8322
4641
2106
3045
957
135
390
885
2436
3000
6360
10350
7050
1275
1890
900
8496
1092
5700
1176
1080
5292
2457
4620
4860
8250
9225
4002
11997
5043
504
12006
522
6120
1584
1320
5814
1728
6909
3135
540
10602
1653
9450
5478
8052
5850
3000
3168
13524
183
2907
6372
3450
4794
5625
9612
2040
6768
6006
1800
6216
3600
3564
7257
3381
1425
6765
2040
6480
1200
6345
7182
2136
7047
630
2295
1824
558
9720
4230
4608
2700
7371
8640
8190
7140
6954
2550
504
798
10626
3456
5508
864
10692
9408
2112
5499
144
3321
780
7917
6156
4644
9612
3096
1215
7020
5472
2376
8208
3600
8415
819
3720
1170
2508
12240
1404
1935
1050
9417
2736
2295
384
2160
648
432
5340
144
1350
990
360
4914
4845
1323
324
4590
123
6840
2700
3900
2304
1512
342
6390
90
8379
13650
1296
1782
1080
5310
1782
2622
5475
1710
7224
5535
1872
4284
8148
5832
4047
129
888
252
7800
2970
1188
3366
1404
1458
7191
2220
819
5106
1242
8640
1974
1296
9840
3969
1131
11613
456
4896
2418
3690
768
3567
840
8241
810
1320
3825
594
2592
8775
150
6321
1824
1785
1200
8010
222
12831
2664
693
7200
6552
1449
3486
684
2220
420
6720
5880
1080
6882
10074
4002
12600
5859
4860
4185
1887
6624
486
2400
1320
8415
9246
1080
8064
4386
1080
2343
5733
2184
5037
13680
2016
126
141
2310
1494
774
3885
726
2220
4674
4692
7686
180
1152
3120
2520
10044
2538
6336
4221
6120
2331
7011
1365
297
12285
558
174
483
9315
3528
3600
3876
1617
2232
7524
10824
6264
648
7056
2277
9690
2775
5688
5214
1278
3600
2328
1485
11178
639
4440
8370
1872
1311
432
6351
4800
405
3744
4662
2166
10584
6084
9612
1485
360
9213
11808
3627
4851
8316
9585
3933
4914
1305
13365
2106
2106
1404
2409
1026
10989
2370
900
105
6327
252
2340
4392
2958
7995
306
630
2844
6900
8784
2295
462
5256
3648
6345
156
11025
5952
564
2166
486
1140
12804
405
8844
7191
9408
11640
6903
2430
3024
2646
528
7623
1755
3450
2100
6732
675
588
1368
795
1050
4185
4875
1221
2211
2241
5451
3375
3240
7254
10560
4422
2808
1638
3276
360
171
840
7371
11070
9945
2145
6678
2916
6696
10320
1269
6351
3969
3843
11844
1200
3045
132
3024
2916
5376
9828
5610
1656
2256
3510
5040
1860
735
3267
11193
10260
1428
7548
495
4176
1107
2520
804
1518
756
1770
4752
75
1953
756
3420
4914
9471
2997
2100
2925
138
3969
4485
87
675
996
765
4617
6762
12006
2739
2679
8883
2484
2088
2064
7410
6600
258
3936
8742
279
7035
2958
4275
351
10560
2106
1305
756
630
108
2520
7566
234
891
1458
7896
3456
744
333
4779
5451
168
528
13365
10350
11349
7350
267
1785
9000
1887
2793
8250
1026
3420
7719
4500
294
1245
759
1155
11562
1872
198
8148
240
2829
4692
3744
1449
2613
1602
14250
78
1548
6699
7392
2508
2322
108
1701
7128
6045
243
63
2178
3450
4662
10650
6075
9900
5088
11475
3666
153
1152
8064
7236
867
318
525
2523
4050
1584
5226
438
1440
11160
2478
2880
3330
6237
450
8442
1248
3720
4452
210
3069
9120
2646
3525
525
648
5625
27
4515
108
1800
588
645
972
2241
1419
36
360
8526
60
2193
4428
13650
10692
2346
5145
10575
99
2835
567
11340
2511
816
3825
1416
8415
705
528
9555
162
1197
1485
4770
6120
11352
2457
5082
1404
972
3564
2442
765
558
12555
3294
792
11952
216
1560
765
12789
1440
690
693
120
3135
21
735
9000
6450
7791
210
903
6372
4797
768
1056
13104
4902
5568
10290
114
1530
102
3366
8385
123
6750
792
1911
2970
12771
3483
7605
1380
1410
2958
7080
5781
2760
13395
10290
8127
2145
36
1530
7719
378
6231
7854
1350
2193
2190
7440
1575
1911
4356
6270
2829
8514
1575
3657
2436
1260
864
4725
1188
1980
1242
9729
1188
564
6696
6825
96
2499
450
6351
3021
2106
13392
13680
2160
1953
1254
5265
7482
6732
9312
4608
165
4320
3024
600
10395
2883
2088
198
3528
1494
3492
2280
7200
990
1404
2952
7128
10962
180
1575
7590
5184
1530
1170
15000
5934
2178
144
2400
3255
5850
1734
1764
3888
2496
3627
189
3102
2745
4557
3306
2703
3750
186
297
126
5100
3168
4032
5133
756
1080
7569
2100
1134
4641
1596
186
498
4092
2160
3471
2211
1155
1134
5481
1596
12285
2562
12126
5544
756
387
8640
11583
1104
7410
14550
2058
8100
4347
5325
8322
4464
810
2106
207
513
4329
3384
1305
11700
996
2379
5124
5628
7956
729
1638
10323
2322
1995
2898
1287
204
3933
2793
2037
324
3108
7260
4410
9000
855
10395
6579
567
5346
231
1380
375
6840
9945
1881
2091
1620
93
6786
4320
2112
693
8520
4914
9114
5538
1536
561
132
528
14400
1314
4389
720
819
3672
1617
750
12558
2211
3318
1845
2916
90
4551
1782
12300
129
1518
12642
1887
6636
525
144
1428
3087
4752
294
1071
6975
564
3894
486
1320
516
2928
6048
2964
5856
5661
1092
10191
420
201
7440
5382
6768
2040
12222
9588
9225
750
1890
1440
7872
4503
651
6006
294
5184
4221
72
4212
459
7569
546
4140
114
387
6909
4356
195
816
1032
2016
6003
9306
4773
2871
456
7644
4884
7776
4743
783
204
7488
288
54
2325
702
3000
12300
2601
3393
1260
3828
3420
2829
6624
13392
5508
6633
4275
7980
4368
891
12558
3045
3723
672
1200
66
1440
3510
441
7872
1887
582
2976
4680
1485
3555
1035
450
11880
5670
11970
342
6210
7998
2397
5967
9345
1107
90
2133
1764
192
846
9045
8820
2940
2499
576
1200
1290
6000
14259
3780
6750
2538
12834
585
10449
5427
2538
1785
4914
2847
585
9555
8439
3570
4704
6192
2883
3825
6909
1200
2139
4830
1428
2346
5247
1155
4845
6222
858
3264
1176
3360
5226
1890
5880
84
3294
765
2871
3432
465
450
1248
6432
5700
10062
6450
1980
7866
837
900
8613
8928
486
1080
10881
2370
8496
945
165
5340
1209
4224
720
5520
4026
8970
8439
495
240
8256
3216
2538
3822
2562
3660
783
15
1647
12276
1224
3384
801
7353
5796
5148
1152
2940
1755
8832
1725
2736
1539
567
2220
4860
6624
7308
4320
5460
627
585
3042
1377
5076
36
135
1827
4350
1350
1560
8844
6534
3042
4212
4731
6156
1674
3276
5148
11997
6720
2574
1674
5904
315
36
1848
2592
120
3762
4440
11613
3600
1824
3822
252
7047
1221
3264
4485
7644
2574
6174
495
3456
279
2376
6633
6732
2223
5916
3528
11319
1476
720
2574
5100
9348
5016
540
3969
312
1890
441
1188
1008
516
3024
10260
594
7488
2736
420
3315
1071
2844
2772
9840
7452
675
672
9126
2448
7566
8460
90
1566
7770
324
1710
5289
8835
5610
4095
3024
2997
9345
9636
390
1518
1104
7638
2322
2160
1386
264
10179
3072
4284
6750
3822
6468
1326
402
2940
5130
1548
2691
12348
1620
3483
7452
516
1224
231
2622
9690
1350
2769
420
2565
9675
714
63
11592
1050
11520
3078
6615
570
78
285
1155
57
7743
6480
882
7134
7866
1800
11481
6909
8892
7038
27
4104
4371
2058
297
1764
10998
10680
4941
9324
1596
8364
852
2040
129
273
720
1785
5670
270
1245
2511
4860
180
405
2088
936
2322
2736
612
318
6486
5202
1224
2052
13068
5346
294
6237
5850
4182
6348
2337
828
9765
6174
1677
2457
8910
1287
1980
5148
1386
3762
3087
1065
129
375
2580
4896
5508
4686
63
12816
1536
2280
5220
2520
1287
135
201
8580
10101
1920
1485
7749
87
2907
4554
5775
1275
1368
8280
315
2520
10212
969
4851
168
4158
4416
10701
5928
10332
1980
2160
4029
1584
1350
2538
1044
423
3276
468
441
9417
5040
1650
1485
2829
2160
540
2520
5985
3783
1056
1800
2916
2070
4050
480
1200
1920
11070
1716
234
480
1152
6942
8544
13350
13068
315
6192
99
2550
1425
1440
2064
675
528
621
891
1800
168
1632
2754
150
1500
5175
1824
1482
1122
4275
630
3654
918
972
2565
1098
5490
5301
2418
9324
45
5049
2709
5481
3570
7068
7350
6633
8976
11040
432
3735
8064
252
756
4293
2142
7488
2871
630
3174
3150
726
360
570
1944
165
7020
540
4371
63
7884
360
525
1275
546
7488
1500
4278
6345
5916
10179
966
2232
5472
2706
2565
2091
5022
1035
4095
3024
1620
6192
1710
1392
4845
1518
1380
720
4650
6417
5346
3456
2691
594
6630
558
270
5499
987
3948
3822
2052
1107
1968
1911
6840
1785
1083
1785
3024
2046
5589
27
4320
10440
48
351
4620
2376
3780
4275
4107
7965
1080
5220
5565
1482
2850
729
3168
1650
8460
1215
4752
3675
13365
1620
4680
3627
1287
14112
10989
858
5760
1617
4356
6480
3264
2484
531
126
153
2325
648
3906
12285
1206
672
1029
2820
2520
7200
12006
6825
432
3813
648
3315
11466
2760
3402
4704
96
9960
2430
216
1035
6930
3075
132
315
594
1869
1377
7791
3870
135
2340
13536
3978
450
792
6642
5043
2106
375
1173
7038
6600
195
1704
5934
1617
4551
2862
10428
3969
99
315
459
8019
4125
1377
4674
1587
57
3219
360
2937
270
594
4956
2844
7050
1485
3024
2115
5724
1200
1872
1944
5145
6072
3978
7920
114
4773
6642
7260
5628
2262
2772
6789
9555
864
930
5643
3000
576
4128
36
4860
7200
1920
1998
8322
1050
2484
6912
10413
6510
2280
1776
5280
1044
5940
1872
2205
3075
4560
2037
720
1152
9711
792
1872
1584
4752
5238
630
10074
1881
156
13248
972
477
738
1380
3975
2394
8316
1710
2418
6834
450
588
7569
369
4845
450
3135
8463
1035
1035
2112
5766
270
945
6240
2871
2079
2193
720
2496
8142
990
5340
81
7020
10800
1836
858
10320
288
1422
1536
516
783
3132
3066
9933
765
2622
1344
972
2883
3000
10455
2484
2592
1248
2490
1848
3978
855
8040
7719
7965
1755
8976
3102
1482
270
7695
4248
5184
3276
6903
8784
3456
2244
6720
114
351
2244
10290
90
630
10350
7410
2832
630
5670
6660
3528
5478
3294
5550
432
594
6210
2304
4860
2187
10260
7209
9954
3726
3819
8142
3255
4392
7548
1485
14112
198
825
1656
540
2856
744
12054
8550
2205
1407
588
615
8880
3150
6786
1140
1482
297
9486
840
6042
522
3102
3978
9435
957
1188
81
468
51
10824
141
5805
7200
5775
6549
2196
4740
3045
360
1530
3465
462
6519
3150
1710
8100
3060
8844
6174
9345
495
4032
2142
7500
5610
5985
1710
1254
5670
306
4620
1872
2565
3024
3960
954
2610
5499
759
6549
525
2772
7035
3384
6816
4446
11997
2280
1311
4884
10209
5880
9798
2067
1740
3744
8487
3066
13110
378
9879
4914
7110
2067
4698
1176
6552
2967
7866
1674
1620
486
4968
4416
1122
9477
9384
3420
2052
13200
2805
54
882
2208
4200
5676
5328
774
13083
33
6984
7425
6006
837
2883
126
6900
6480
294
3108
1170
6696
8127
4551
3267
825
3666
264
7755
3807
9
45
1767
2970
117
1593
2952
7569
414
11745
144
2880
14100
11985
1833
2340
6660
2871
300
8010
270
450
2070
5040
6600
3960
4200
5100
483
840
4902
1020
291
1080
2310
3168
15000
1386
5130
2475
6534
666
8307
1050
4473
3321
4452
2847
1953
1260
705
336
8208
1053
2838
360
441
6825
1116
10512
2835
1065
141
12144
900
1104
174
93
4275
738
1422
201
5238
990
1125
6336
315
9216
288
10395
3360
10260
414
4425
2136
645
3933
7776
441
585
2739
1944
11475
3915
6771
972
2088
6210
8160
12936
1728
966
4050
1989
7569
480
735
396
2340
3213
10143
3480
2475
2544
7392
3999
13677
882
120
99
2106
720
1530
3159
1458
1500
6201
435
6435
1269
594
5742
5964
672
1080
5340
984
252
1344
5859
1020
1335
5934
6027
1176
480
1365
2139
3816
12267
2520
840
3861
891
4761
6264
837
3330
432
2394
7650
5586
621
7200
1638
8991
4599
10584
1665
1584
1113
6960
9471
759
1443
2793
5412
2550
3192
6348
10578
8967
5289
8160
2124
3300
1098
2223
14259
4902
825
6909
1242
7686
4968
918
1065
1836
4347
273
1386
1089
2442
5520
459
1188
5226
288
1722
11400
3219
3300
450
6216
6201
1152
2304
111
513
10164
441
5760
5346
7047
1776
441
3249
8892
10902
2205
11223
1974
8040
2115
2115
1029
9594
414
4980
1404
9486
1560
4773
4080
765
4959
6486
5280
8568
87
2046
1056
1692
11850
2550
3432
6900
1260
13965
264
4134
2850
180
342
7392
5856
3612
8091
10965
8010
8910
819
1305
1656
258
159
3660
8010
6300
4575
5640
3441
9720
5115
468
6480
1089
4131
2442
8019
7425
1551
4773
6321
4350
5133
8214
987
3948
918
354
5346
6675
7275
810
972
357
9900
7035
8184
855
777
360
6063
7821
2166
627
252
2793
2850
6063
8832
6975
210
1065
13500
774
4104
2091
1422
12000
3312
495
4512
2160
7029
7752
630
2436
2646
8415
2397
11466
594
8850
5115
495
459
7020
8400
8550
5712
7695
690
1026
732
3528
516
5688
8019
6075
7482
6084
5829
6600
4761
5301
2280
3519
5112
816
1767
9657
3564
4536
1767
3720
1638
2613
1152
75
8550
5130
4005
12255
7965
5607
57
5175
2700
552
288
4794
5940
9801
7605
972
1056
3441
777
216
8100
8127
1989
1512
4896
1350
1932
276
3042
3024
1260
138
4644
5244
8316
7050
3900
612
1224
480
3267
10437
8496
10989
225
5670
1296
12054
702
5166
171
150
1995
7728
1152
4752
7623
585
3456
8325
840
2376
10044
108
1935
330
7425
5382
1221
4590
2079
6300
240
3255
5355
396
5850
4080
14400
462
8100
237
10665
5049
1365
1056
138
528
378
5880
750
3990
3885
3600
1575
4161
999
855
7332
1830
6498
5550
2100
3978
588
8085
4095
10944
5160
441
5292
774
11880
69
2295
13392
8946
1944
432
8544
1068
696
5640
630
1323
1323
6768
1638
810
4680
5355
714
918
495
159
3663
864
3300
1296
183
6402
12285
504
837
3450
441
2277
3375
513
1869
4032
2754
1353
693
6270
648
13386
3213
1425
7524
3060
3675
9504
1887
999
4860
5292
228
1530
126
4680
4941
165
5940
3306
324
1107
9114
5796
2772
3366
6336
195
810
297
378
957
5742
15
2760
3528
1092
3720
2673
1914
2730
2925
540
5115
1656
216
462
2604
7140
3567
2376
6090
13395
7632
4428
6732
13662
5112
4956
945
3087
12150
756
2268
1974
6624
6486
5508
7560
816
3219
9180
5940
1980
3045
1422
435
7437
2295
1197
156
1380
360
3168
4620
3960
5301
4743
2520
1566
1584
2697
351
1104
1482
3009
6750
1014
9198
5499
1836
855
450
2520
528
420
210
3762
1584
90
8532
1980
8085
7743
288
8370
4914
4233
2178
4551
6318
7215
3564
3060
255
6786
2565
612
2520
10956
2025
2160
1980
966
72
1332
8835
11349
2160
63
5328
6882
1365
213
1110
7038
612
51
1344
396
3828
8100
36
3936
6960
3312
5346
3906
1218
966
2295
8613
9702
1230
4050
6000
486
5226
2280
2346
2112
10185
684
120
5208
6195
1104
855
18
5865
6300
8295
2754
8532
5400
9006
1224
1971
3648
744
210
5676
2673
11970
7488
3267
1656
1254
8118
972
1215
10800
8541
288
39
2736
5547
3300
6732
4224
1530
324
2961
10143
528
2109
297
8058
1368
2052
4485
315
3168
4464
5742
1056
11475
5439
4551
1512
2436
10293
9804
9450
2940
612
1560
621
2646
2280
13965
4224
378
10824
1998
3969
2478
9360
132
3960
3234
10098
3402
945
12513
7215
11280
12
324
729
3132
651
3159
405
8496
123
2499
1989
4884
2673
12
10185
5544
3240
5874
2511
3666
2511
810
8466
2610
13671
1296
2340
8580
10146
651
1020
4800
5289
1350
5184
936
7254
207
1221
594
7257
3225
744
3888
129
7866
864
2829
459
540
2295
7719
1155
3915
2814
639
8178
10800
5247
897
4950
342
999
342
600
3948
1035
2925
6510
2484
1200
630
3186
2268
810
588
480
660
924
2640
6552
11352
7392
3795
1260
6930
7128
837
6816
7884
132
405
1914
8424
6042
3762
10500
2400
228
10080
5358
414
3645
5088
4557
4452
171
4104
720
7560
9306
6480
5040
2403
3600
1683
87
624
2625
10320
315
1260
9612
3996
9213
1377
165
2250
6570
14112
2925
3339
3432
6000
45
6030
6027
14550
8295
6450
6120
5580
12450
10767
2352
810
8742
9240
6
5568
66
1386
1032
8160
2640
1209
7245
10956
5934
108
8190
2070
4653
8832
2772
1530
1980
975
810
1755
4095
11286
8979
13377
3498
3960
8262
3864
1242
6942
4488
1782
870
504
924
2070
4563
3840
6264
2898
4032
375
7446
1920
5040
4653
1311
1728
8544
5934
2970
8505
6660
4050
10062
720
3906
8319
498
105
468
366
1887
216
4956
1425
2133
1440
3654
5400
1392
2325
234
1620
5088
4050
7740
1518
4560
1200
2604
645
3936
1944
3081
570
10512
9480
4656
3894
10935
315
6789
90
5625
456
96
1512
10716
990
576
600
8664
2610
675
2688
5760
7257
2142
420
630
5481
3888
2430
5382
612
8715
180
4437
1485
147
9009
5412
1848
4059
348
5187
600
4032
6636
11664
924
10224
9009
108
2028
7740
7125
6480
4440
1782
6984
2952
1161
6030
4899
7371
2430
1485
288
504
11040
1860
11454
9555
1863
180
12
7668
9768
1092
2592
2175
12006
8400
198
2352
2697
5376
594
3525
1980
7866
1770
405
702
2325
1368
780
1242
5544
3078
870
7656
7008
2115
9594
3168
2730
285
4896
1869
6693
7029
693
2025
5814
5859
1050
4002
10413
675
4824
5184
7200
1176
5220
96
6372
84
2115
1584
5661
51
2310
450
1092
10350
9933
2880
2277
2829
9102
7668
8673
4620
756
351
6048
4731
2499
1053
480
1656
5418
5394
3690
3510
8772
3696
8568
8613
2736
6435
5922
6408
9711
2691
6804
3900
1290
2952
11868
12972
657
150
12222
11094
6
8640
6750
11985
12834
11232
8448
444
945
10692
10296
3807
11214
2091
4278
621
588
240
2709
483
7353
4515
7020
2376
1566
480
1968
252
2850
12348
10998
1395
756
5928
888
1350
5550
5310
1350
13500
2400
1122
5313
4860
10368
192
1584
3300
10680
648
4425
1425
4539
1548
5589
3555
1425
10368
3234
3042
13230
5046
1092
5661
4950
1764
462
1035
621
3696
4794
6177
10350
5112
1890
2142
6579
3996
105
13824
12408
3384
621
1539
1248
10080
2280
10209
11760
945
2679
168
5829
9711
1782
2961
315
5472
96
1911
1152
3042
4440
6336
1740
168
600
5016
2535
4158
1404
7332
6195
7980
4698
2268
2904
378
2730
924
2970
621
3660
228
114
3741
408
1368
5544
7104
8505
600
10881
1386
324
6468
10560
1683
3366
12408
1566
420
10965
2646
540
1710
3864
648
2145
2115
4284
9702
480
237
792
3900
8370
2736
3237
5244
11610
3300
13095
12
528
3042
2622
4896
3822
432
1512
8385
2064
7869
2052
2646
702
2475
1728
2106
9165
7020
2997
3834
912
1350
432
12201
594
333
6327
7566
1710
1734
3870
111
108
693
126
10998
8142
765
3198
6732
9435
4725
3402
2346
15
4293
3060
1275
5400
3627
6000
10950
2310
435
2475
627
2592
5202
1560
1974
7455
10962
2790
2952
6930
4641
2679
2184
1080
10764
474
468
5247
4374
8208
1485
36
3132
4725
252
6138
4212
8769
1782
1083
6804
693
2448
54
12282
2880
12420
900
7371
5586
2820
2262
504
4275
9288
24
1218
153
8835
9657
1575
1560
1095
1656
8019
6240
9933
1425
5643
9717
3240
13230
1935
3330
6417
2244
8928
1575
4284
8505
4692
1134
243
2640
7968
2400
5964
2460
1887
4752
1560
1188
4947
90
2835
1008
4503
2592
4320
13800
2340
3672
6660
3360
11100
6519
4104
8160
9300
1470
9024
7812
1464
1161
252
3888
624
2457
10800
621
882
6138
3450
987
2088
180
2772
7740
6624
324
7182
6549
1332
4428
483
1200
11232
711
11088
219
6528
2835
2829
1677
2436
3000
3159
10950
3627
10626
2016
3315
8901
8640
3600
9009
4560
864
1908
4473
624
3267
4428
2106
2646
2139
828
10665
3861
10209
4437
1740
3060
4293
5616
7200
10200
792
1440
465
6072
810
5700
11739
1032
759
6972
1740
5040
7938
6732
2277
10764
6111
2088
117
5916
672
1680
5781
1122
2052
2376
306
8775
10965
6789
2025
3600
7020
2805
3564
5670
2079
4662
6237
1134
4335
3876
2280
3264
2160
2184
1584
3840
11610
8316
2835
7866
780
5880
45
900
204
1584
297
7821
8613
4032
9750
3654
5460
13671
5382
2520
8580
8610
4920
2730
4704
14850
1950
1530
3150
1080
546
186
11748
300
414
3096
1080
804
8550
3807
141
8280
1029
4410
105
2268
5565
90
6960
8514
2340
5940
6615
2928
1740
2448
2835
5874
3744
8460
735
6399
6132
4794
342
4797
3780
6786
9480
3645
2250
648
3528
54
2940
2394
3420
1530
1620
441
5850
1428
7743
2040
4752
1416
966
10074
741
12528
2565
438
4797
1470
8019
504
3990
1200
1104
858
3654
168
3816
2970
354
6642
4140
7200
8319
168
3234
540
1122
1539
4128
10512
5700
2925
3234
189
2652
1296
2709
5100
3159
147
2106
7440
9879
4794
2697
2220
5088
3105
1278
2508
903
1683
237
12816
6552
6450
2574
630
6162
264
6237
6678
2304
63
6162
720
8103
192
5076
9198
279
555
8100
1944
3861
5880
5382
4773
2592
3024
1728
4320
1350
693
11808
5772
1428
2223
2820
1440
3402
3762
6474
10488
6699
8733
1188
1230
18
3339
2268
1215
5940
684
2700
3444
756
3492
13386
5220
276
2100
609
1164
456
378
8160
3318
6486
6474
999
1701
4422
3822
3960
3510
1485
5130
120
2136
2400
324
1716
6675
2208
1608
8325
243
120
2250
2277
1209
7425
4836
11664
2394
12972
2232
9996
96
1953
402
1134
1872
10350
11319
2046
5418
2838
4725
546
1326
276
3672
780
3480
7503
4386
555
8217
297
11952
10428
6930
10146
729
75
5814
9165
4935
9072
1080
3060
4332
129
5967
7434
150
1968
3480
4059
486
1386
9900
5022
144
11592
1521
3870
2457
1944
5547
738
3915
1416
3315
1575
6885
9405
2640
5544
1140
1296
8190
1173
2790
12804
5544
3705
1881
9243
1008
2142
1539
1188
90
2880
1050
888
5031
2541
7140
1254
10956
3666
99
2613
864
4128
7290
5775
1083
5475
3432
2250
7008
5610
1566
4884
2106
7488
6048
6324
2115
84
4074
90
2730
4464
1080
5880
2160
9504
1806
1881
126
5160
1482
936
1026
8160
5439
4644
2100
1728
3312
8322
4386
2805
3600
2772
5400
2460
42
846
1221
10185
10947
1287
3315
4131
900
8400
585
3861
3384
3375
8670
1890
1944
7425
8250
3672
4410
4653
4680
1944
1680
546
2070
6480
882
1296
4674
6534
5022
10458
2331
4293
864
18
4968
8832
7020
33
1485
7560
2211
6930
318
6003
2112
189
8085
72
6399
1911
234
1833
135
1110
4845
1032
7524
7722
1380
4620
3861
7320
2190
5472
11745
5481
6633
4515
840
972
5586
2268
2100
1134
2484
138
4998
1980
192
2325
1734
594
5586
1440
9504
8928
3663
6174
4212
1440
150
10290
2640
2016
765
1320
12474
6018
9165
5355
11160
3672
11583
8118
7440
11421
2613
2328
7320
1890
9
2820
552
3780
882
3
2409
945
1680
10665
5928
4785
2091
2376
8316
2754
2244
4977
522
855
8217
9894
3600
1950
11400
5859
11115
396
5643
1116
1092
2268
5520
252
3510
3180
5031
798
4845
600
1872
3915
1449
5535
2295
3591
3657
5580
4446
1110
10206
5934
222
2070
261
576
999
690
2175
6627
3060
5616
13377
4026
552
999
345
1254
1887
621
6156
6900
2160
3069
5304
5742
5916
3480
4896
7560
2403
3591
2280
6210
1989
9246
3354
6132
8241
84
4725
6138
138
2058
7644
1080
3960
2451
10185
2448
1548
456
936
9360
6222
900
3861
2322
4914
420
1560
4386
138
138
1020
8241
2430
2805
3720
3036
9159
9855
1596
660
3738
2385
1242
7812
600
11748
297
3234
528
966
3933
1449
4752
3045
9555
5289
816
3618
9690
5841
8910
9504
6432
11931
4653
1200
7392
4560
13671
7524
855
351
279
3807
9225
4758
5346
4575
4623
1176
1638
3666
6480
6000
810
1479
63
2484
8364
5676
2223
846
2898
2970
1701
7182
1050
4212
1830
3675
12960
4233
7998
261
6348
9960
11868
8832
159
5670
2001
9690
6552
1107
720
10428
3237
5046
660
924
4176
8352
48
561
5382
3645
1368
9450
132
624
198
1053
4104
672
837
6345
1245
3384
7743
11178
4929
129
7395
84
444
252
3312
450
330
1188
588
3096
6375
378
8319
162
1254
828
135
3942
93
4140
75
918
6336
660
192
1935
7440
1890
2925
225
4920
1863
6120
3060
957
9462
9849
3828
4185
9180
1365
366
3825
1974
6474
9312
7524
5214
1815
7095
4260
780
3705
9990
7917
1260
705
8742
984
1476
6405
3780
4116
837
4800
2160
1287
2268
2871
5106
9504
456
2340
348
336
8352
297
2925
5832
5328
6552
1350
2907
7047
5400
210
1128
2346
3960
2106
4371
792
66
2904
2850
306
5643
7410
11376
720
4602
2343
8580
1386
915
915
12015
189
702
552
7638
2295
14112
528
2916
1764
2484
3570
6615
9504
4968
720
13248
8712
1404
192
4914
3105
882
10260
10374
90
300
14550
5418
2952
2829
4032
3666
4968
1032
2214
4437
1242
8352
576
13113
1287
6912
495
2016
4356
4329
294
3666
2829
984
4230
3420
4851
72
372
7209
729
6975
2862
2970
192
2130
6264
888
1260
1890
1932
5313
8019
2970
12789
2340
3159
8160
1656
6804
12972
9657
5760
1533
3630
1080
11040
1068
1932
2688
594
7134
3723
3174
3069
690
2574
4464
9900
2754
615
3654
14553
6450
10935
10185
10350
1869
2208
12834
990
2700
6519
5670
2025
6786
903
1392
11850
546
2508
7224
117
21
5358
1599
1989
3015
5808
1104
8100
2610
3132
1989
2619
8901
5643
675
2079
8160
2052
3087
984
11454
702
6003
8811
8769
3822
5358
3822
6708
1083
432
2775
3660
9975
1872
3726
2325
3069
2604
3042
570
534
27
7503
2295
6348
7866
1215
3036
2652
2352
288
2106
5460
132
8352
2550
8064
561
1311
10944
2256
1350
8964
5700
513
858
5922
12513
8487
21
10647
9900
3264
102
1764
2205
9717
9360
5928
10950
516
6804
6345
171
3420
11088
624
10191
186
5106
4845
2898
1458
1575
264
2106
315
135
6438
10878
180
3783
4305
4500
138
6162
10707
5148
1311
9261
3441
759
6615
3726
2610
252
1134
3525
5508
1440
2226
1755
180
3900
2700
1008
4860
9879
2607
6837
858
4050
2580
48
2100
2001
11232
7695
8748
792
9078
2328
2829
8505
7638
6732
2655
738
945
5145
378
3969
189
264
7920
4935
2226
3978
1992
1134
3354
1020
5175
1188
3696
576
2604
1020
1872
3240
468
2340
9798
6675
9711
78
3654
1350
9072
10800
150
1440
9000
384
10050
11718
2679
3315
5265
3861
8760
1602
9768
10209
540
3375
5850
1122
3483
225
588
63
858
495
2430
5247
5304
2754
3744
8946
3243
4560
1980
4473
2184
6966
420
6762
5670
3600
159
108
8280
2328
462
5547
870
6270
1140
13350
5394
540
1560
1752
4692
1089
4185
2208
204
7755
2448
885
858
5814
4680
405
2970
2691
936
582
1365
8241
4104
2952
4872
2871
1551
972
8091
795
1770
1881
9729
7056
429
3276
7095
12771
2784
8280
6240
456
468
1815
3360
1848
864
5535
4368
1110
8091
1242
132
1647
3168
4437
648
5481
2016
1917
4941
138
75
2205
3108
1890
2583
1140
8775
90
138
4761
6804
2193
195
900
8370
1224
2793
60
9006
5265
4104
6006
3780
5580
2478
2511
216
10560
4080
1380
2418
9879
4092
2736
4092
357
1716
10191
8835
468
2565
9288
747
222
459
2436
2790
612
8277
6237
4410
1353
10050
9555
1680
285
4653
630
3780
342
7221
15
462
3915
13110
3486
3675
1197
108
48
5400
8379
3864
27
7182
1596
7686
4884
1848
8190
2025
6693
3672
243
1161
3150
2697
6237
261
3375
6723
5244
6966
1416
1278
6204
864
7650
912
7857
2325
1650
13068
4050
66
1152
1254
75
2520
2070
7548
3648
9207
3225
4884
465
1749
2961
72
297
10332
10488
6120
1890
1092
225
8505
2691
5481
6930
2970
267
3657
3738
7140
10434
4563
1485
6840
3588
615
9702
2523
3150
8883
4599
18
5280
1716
1260
3234
13500
8505
8127
4620
429
504
11685
666
540
12177
675
13110
4935
3654
756
396
4032
690
180
