2511
2370
11352
4212
276
3024
660
189
2190
3219
1287
8184
7410
1125
3267
180
108
6555
8550
882
4935
5727
3942
6120
9324
2970
4656
8064
33
33
2079
5544
1326
1881
1575
6771
747
1350
6375
36
8496
7209
396
2088
444
837
5130
7056
222
12816
486
126
5850
6519
7344
5775
6936
1908
7314
408
2961
990
1782
3792
6273
657
2709
4896
4047
864
3075
2079
3135
2835
234
726
5550
1326
495
2325
5850
3813
870
840
5031
11193
966
1917
6603
2958
924
7632
192
2232
63
2664
1701
837
864
9150
2457
8280
210
2610
9234
10200
9246
714
2904
7659
1365
8487
12300
4998
3192
4410
702
2970
3312
78
54
6
10764
3024
1350
3108
12540
7740
7020
3723
780
7866
2352
1794
2394
300
81
14112
552
168
3444
480
3219
9765
306
2190
741
2565
6468
513
3321
255
5733
8670
1008
252
168
750
405
1044
7776
330
3600
4131
1677
1092
546
6732
1584
2655
7656
4956
3780
2862
2184
4320
1896
7722
4050
6579
5760
1071
1800
9225
2376
3672
2871
756
6270
9300
1995
429
4980
3192
297
11880
1032
3885
126
4410
1116
3330
6696
1221
315
8052
13959
4686
4095
861
5280
1701
1260
3564
750
7098
1056
105
2700
864
2070
936
13365
2976
525
12690
4116
510
9417
102
1392
1224
9471
7470
1455
2304
2400
1521
684
3348
1320
600
1680
2100
630
819
3933
2430
11400
864
1656
66
510
351
11400
231
468
3762
276
3996
2430
2448
924
1911
1350
1512
2805
1530
3588
3081
2880
1458
5184
1089
12201
1512
846
630
5040
3186
1008
11352
1728
432
918
66
6141
5439
5229
1440
657
3219
6762
4692
3960
648
1638
2700
7257
4410
3066
255
30
1428
5832
2079
2754
6210
216
594
8100
1296
7875
180
1314
1968
7080
7110
150
1116
840
2016
3960
378
4488
351
2091
1275
12474
147
5913
9840
1320
2016
7884
75
4995
5247
5994
7584
8148
7998
3180
1104
162
450
2640
5859
4653
4371
960
3552
960
57
4455
9477
234
1215
13968
1518
1998
1914
3900
5133
4704
1215
2058
5070
11400
1620
873
2010
972
255
12642
3285
1377
4371
282
1386
2844
7011
8100
4128
225
3150
351
7125
6027
138
1512
1260
486
7425
48
6771
693
4200
7722
2340
9870
900
5412
3243
9009
1395
4806
627
4440
10881
5940
4590
1743
45
171
255
1869
897
1938
8832
540
2880
2088
4947
5214
5460
1176
570
1476
2700
525
3087
10692
3654
2160
5412
4884
8556
3900
2178
1620
8064
900
4446
10665
4884
11610
4554
4830
3276
5376
408
492
2772
1176
5145
4653
8658
3069
14256
168
4020
684
627
1197
387
360
4176
11481
168
5841
126
93
408
1776
126
13392
3510
4455
2898
5166
2967
2175
10080
9675
5082
4050
1764
2220
1620
3978
1701
10956
720
3672
6216
3975
21
270
1254
10200
6162
5733
6612
243
3393
1554
1767
828
8532
144
2457
6615
7215
534
6318
8256
4560
6300
3675
8772
1005
2040
870
1404
2856
2376
9360
138
10800
1008
3360
5490
8664
837
48
660
2520
7326
6480
6552
6270
2100
240
2961
7200
285
13800
6321
4947
9207
12804
150
4788
3168
3213
6300
5616
495
6318
6669
4059
7611
6279
1551
1440
8694
876
9702
705
4320
2100
540
549
1353
117
990
3180
11931
4995
5427
7350
1914
6804
87
2352
3150
6909
2898
6216
7425
1872
3840
8091
4752
729
5694
864
1296
9840
1953
1740
2016
90
1725
5670
3888
2592
5415
6321
9405
1827
840
684
3888
540
9396
5460
540
1260
8967
9702
13365
624
5301
4371
1716
1980
10707
2541
255
405
10881
1296
1755
936
8505
7980
3168
2835
270
3612
1980
3528
1479
4080
7980
2244
8892
1005
1368
4182
3762
2925
9282
390
975
7722
7137
3315
6888
9717
342
3510
1599
4503
5883
4464
405
972
12300
2340
6273
12804
6468
6960
5796
588
495
3096
4305
2346
5616
4104
3726
1665
2679
7857
7320
3780
2160
3519
1656
4674
108
1026
414
7275
585
4560
780
219
6075
2925
1170
198
4620
3600
4773
8103
5292
1335
6768
552
2646
2160
1512
7605
504
1653
6615
4104
9225
5796
3564
1200
7395
5985
1458
420
5244
11232
66
1872
7812
396
1950
8370
75
7830
2772
5922
1755
5406
903
2256
8991
10044
4575
12696
3354
6732
4947
3321
6888
756
6264
1890
375
7776
2394
1110
6900
3780
600
480
744
426
5175
1710
7965
2772
10146
45
11100
7830
1827
5940
312
432
1620
372
10368
11160
225
6864
8550
2565
11931
7254
1521
5616
10209
6903
2106
1932
4056
5070
2640
3264
7740
1089
2451
3168
264
4233
3234
8415
1968
10665
1518
11748
960
4959
1278
10476
2277
1416
8964
1617
5775
651
5412
2145
10947
5346
9288
10449
1281
5700
1776
7176
4608
777
2268
12834
2940
8487
3078
1305
15
3267
2451
12555
2964
10350
3225
9225
858
3888
294
1500
957
7722
552
2484
180
9450
13818
1482
1392
7938
4284
11640
3645
1674
6726
6480
1155
816
2760
2016
8127
420
2592
3402
2304
1098
12834
10764
6837
12549
1365
3807
156
744
12201
2025
5037
2940
5160
3321
840
222
1827
9576
648
900
3657
3276
1032
5292
1833
360
5940
10824
2640
7140
444
1776
9435
4224
4977
9900
198
5628
3132
867
14259
1785
1377
5220
1335
24
4176
11088
6615
13500
2592
3774
144
1728
3036
153
6600
1062
1890
171
7227
14700
2205
5481
7176
6696
639
780
477
2988
1890
6909
2580
4104
9546
1551
5049
315
1491
1170
8208
2376
1302
3780
2214
7980
1980
7425
1743
3510
1368
8277
2574
2079
2457
5022
1125
2079
432
456
5850
132
8241
3402
9417
1482
8442
1584
6240
6237
5547
144
2625
5310
2397
2415
2793
1989
1950
12240
294
7623
2205
3876
1536
1326
1062
1410
4590
4104
7560
4623
3102
4428
2520
6975
6426
1260
6912
612
3843
8184
7992
3321
24
2925
2967
4524
2430
2310
102
1134
4779
13350
432
264
3885
1764
6075
7719
8496
3570
8673
6432
1140
6150
3960
756
675
10881
333
4950
4182
7224
9900
1680
2250
7215
4134
2457
9435
6039
5037
1431
1305
3150
2079
11319
1386
63
861
210
4680
1155
972
2295
1800
1575
3198
285
1785
1980
1521
9504
10962
1326
2013
726
3696
13524
720
12972
7812
5859
11610
243
930
1971
2301
4674
3915
11880
6048
2115
2484
1440
6240
5760
3102
6222
1008
1392
2028
675
3219
4488
12255
1050
14400
1710
1476
11583
798
1950
180
1785
117
663
6000
9936
3255
5202
1890
4446
3828
348
861
5490
276
2244
2556
5040
2754
3915
1254
12150
507
2040
2646
1800
783
3111
6984
5184
2856
2175
2223
414
555
1188
8019
1311
8232
8064
8064
8946
4512
486
6480
1170
270
2916
8694
4059
18
2160
4824
525
858
8901
405
2400
837
1320
462
3600
7548
9657
9234
3564
630
3306
588
18
3528
1404
4800
1836
6882
5040
8649
4275
2142
6150
864
2793
1368
4071
8307
1260
4608
5940
516
2898
495
1593
10440
1404
7353
1200
8385
2997
3942
564
7533
8262
7743
864
12558
5643
342
2040
7371
4125
3645
3780
345
1392
342
3366
372
3960
2079
7560
3069
672
10125
2376
3417
12096
3498
3960
8928
10512
3726
1155
1848
291
5355
4350
8073
10395
912
1170
828
5976
819
9480
984
2808
1428
234
10500
432
450
441
540
1269
285
8748
1710
1140
1200
270
7392
297
1023
1326
1710
4590
8094
13386
6105
2451
1197
8496
7008
1392
510
3360
60
2397
8316
918
6192
7968
186
7968
378
864
18
2646
2871
5244
1368
144
13392
9936
75
672
6210
3969
6549
11952
10962
2100
2280
4374
2769
12144
72
6468
4032
474
11700
705
3696
3705
11178
2226
312
660
7743
8379
2025
1440
891
1716
3762
7626
75
1830
6693
6993
1020
4590
111
12282
13800
5670
5202
13248
2646
1476
2244
2808
8640
4914
2376
3861
720
2187
6405
1419
3456
6693
1599
11850
294
1281
1650
1512
7035
3969
9963
405
10458
2622
1800
2970
4752
450
2070
378
252
9108
8103
6348
10965
11223
6825
2520
522
837
8460
1188
4161
684
6270
690
7452
348
4140
342
1407
4209
1440
10800
3564
612
108
1491
1323
2070
1734
1872
144
84
7920
228
3348
8103
3666
1326
1377
13650
867
714
2736
6345
7686
4260
27
7482
2940
6909
4602
2820
864
7719
6351
2205
4005
9009
4293
6786
2070
4329
1599
1188
915
3420
6771
522
8547
5184
3045
8460
3780
1848
12222
2592
891
3978
3600
5394
8190
6174
3630
4692
663
7488
648
246
1407
2160
3237
726
8466
1365
546
9306
1287
10428
3510
6210
1098
855
870
5880
7350
123
2460
2925
3078
2016
3393
3234
9180
3120
90
3621
7776
600
3159
1242
8874
1014
3045
672
7788
4959
8748
2592
3321
12600
33
3240
1890
1431
8928
2268
2844
5355
4347
216
405
2220
3075
1836
18
8694
234
2244
144
1365
1404
11139
11070
1407
10200
8178
1674
1188
4446
2520
90
3456
1746
4692
6105
1824
138
3255
1617
564
3564
3762
3690
14550
1209
2232
2664
11400
2772
1218
531
12528
2331
4725
7347
4914
11205
1824
2622
3087
3510
8085
8019
2145
1944
2346
10665
3648
66
6633
744
3861
2037
1221
9603
3555
360
6762
9612
6909
1134
462
5658
3060
7020
1458
4761
1782
396
10080
216
1725
3780
1512
9462
2700
1620
6642
3120
7605
3075
585
3024
5301
8316
7650
6900
12054
8892
1680
9408
3312
6048
5796
2604
7128
1260
1638
8370
4422
1296
1056
2106
4320
324
13113
1947
1863
9477
4275
882
10332
189
4500
936
7452
10206
2457
2730
4794
1125
720
4797
11748
8712
2703
1092
1242
5781
9165
3564
3360
1989
4224
816
7533
8550
6300
11160
567
7392
4725
1440
6768
4557
1368
1485
4704
429
6579
2709
3384
4059
8979
90
270
54
6480
27
1215
6204
3510
432
1872
5022
1800
12642
5088
2508
990
6003
234
4650
8964
3744
1608
2511
30
3393
2592
3408
9030
3102
9477
1860
2079
2220
147
9078
3900
14550
11058
1452
285
1518
378
594
735
6600
5160
9750
3168
528
7203
6432
2295
1107
174
468
675
1620
10323
783
3822
2520
2700
1950
10032
7161
24
2550
273
4743
966
1944
297
570
4416
2322
3456
7047
972
1512
7656
5724
1890
6348
966
2016
2958
576
5499
6192
966
2394
4410
10965
3237
4704
2346
2961
2898
13083
3060
10185
27
8160
4284
540
720
378
2772
2331
2448
6600
5289
1710
5445
975
2340
5544
165
240
1050
5184
2457
1260
5106
441
4473
954
189
3108
2214
945
333
6612
1638
5292
2592
9600
7719
9450
1890
123
6348
324
252
4200
3465
6120
378
54
3417
3600
2850
192
705
7659
3276
10374
4422
48
6996
2550
3078
3672
1890
234
10800
2070
1836
12150
1701
3741
243
4464
2349
1971
279
1869
11700
4674
558
3348
4500
4140
4371
7275
4416
876
1248
150
11745
522
1206
2523
1584
6831
105
1395
2250
8775
12642
1050
6336
1440
7998
4680
5883
180
2100
6900
5607
189
1044
1134
5607
75
3318
10080
4107
261
4752
2961
252
558
4446
6120
5724
6075
4371
2184
1575
510
6090
1188
6399
1680
6930
198
567
792
1836
2106
11700
7497
12771
5304
1224
588
3021
2250
8526
2079
5406
3042
816
1221
1443
1680
8436
2730
540
3690
1920
4512
2046
108
12126
8235
9462
3762
8100
5412
2574
3483
7128
693
3000
282
621
225
2442
1215
693
2067
4617
297
3348
630
2592
4797
2340
14250
1989
5616
12177
732
2550
1953
780
588
450
1056
5550
5400
1680
414
7998
4335
2175
5766
2664
2622
129
5217
504
11808
2706
624
5073
1638
2331
5292
13968
2838
651
10185
1440
147
495
648
5520
5964
6045
8100
3312
651
6762
3792
10179
2160
450
5166
9135
4620
1134
3360
975
3486
10947
2760
552
2328
8835
6300
2160
1566
1680
1932
3021
7644
1386
2925
1989
4851
36
504
2673
783
6120
4209
4212
1107
2691
1560
105
2835
5928
7350
6624
5535
2244
333
81
648
600
2628
3960
2691
1494
1164
900
189
558
2691
5688
1800
4284
6840
4095
12825
4365
3204
1260
2232
4704
5226
5304
5994
2520
1932
147
12408
6075
7275
7752
2646
900
4560
108
897
2646
7020
3825
5580
5676
8190
39
3381
693
840
594
4662
13680
540
3588
246
6048
888
561
2025
60
8307
7590
405
4428
4959
1836
969
6468
6432
1764
3306
204
192
2565
8118
4389
6156
5070
1989
3621
6468
792
4998
627
4386
7722
3186
1530
6615
270
6693
11172
7140
5439
720
1833
150
1590
1575
3525
12450
144
5760
4740
7956
8883
1953
11481
1368
7839
5643
5400
1620
6072
3021
5460
2142
2223
18
7245
4554
1176
5160
4482
9009
6279
1680
4050
3696
8964
1296
192
3519
810
2016
105
7830
1377
1575
8928
459
1044
2262
2535
198
6771
2124
2205
1911
468
1980
12285
468
15000
11850
5925
3420
1296
11550
132
6210
876
3432
261
525
444
264
3675
2046
945
1683
6270
3570
2730
2460
2418
2418
3555
2295
3720
7533
4977
7392
2142
2100
720
351
7176
8400
4914
540
234
165
10320
6768
4611
132
1032
7110
3360
615
6804
4452
420
4410
810
9360
3744
3564
2223
975
11850
1260
27
66
1188
5289
114
885
801
5214
570
3036
8280
4686
2349
4416
288
414
4020
3600
795
11850
8439
4095
5670
2610
1260
1404
4563
11088
8073
1044
3618
13662
2754
4158
1443
6885
228
4464
10062
1014
384
288
609
7752
3045
540
960
1116
630
7524
2079
594
4686
9246
720
2040
1800
6150
351
4263
7722
1836
864
1980
45
12558
1395
2142
1455
8748
366
720
3375
8415
2223
8520
3726
4032
9702
2508
1350
2688
4914
1350
8064
945
9102
693
2244
7650
2418
2301
150
54
228
2520
150
2220
4725
525
3588
7605
378
2511
1470
210
663
855
132
7686
3384
2160
3003
486
2847
5451
2775
585
8715
819
3780
3876
6930
6237
3933
51
7056
1848
1917
192
6720
1776
2655
6348
2244
9120
2394
5520
1380
957
2025
5376
4554
1053
2655
8262
1050
2484
1200
237
69
2553
1248
11088
1683
810
918
1584
4620
2475
2160
7290
1428
5589
2070
10965
5478
2160
1410
9450
4320
2070
1584
189
1938
1458
1260
3564
3726
6225
585
2808
432
3795
984
6156
315
765
12150
2268
7134
891
1530
8178
12276
2295
3150
8775
2130
2376
8649
2997
861
1485
3915
1701
12834
6120
3828
3510
8883
111
1254
465
612
150
1734
1104
1887
3294
7191
5031
1419
8640
4770
6768
5733
5760
2403
462
8085
4653
13824
630
3306
615
936
294
10947
8235
936
96
9933
612
9450
6975
3393
1848
6072
375
648
8850
2952
1422
12555
3363
8085
1323
6552
1785
8730
45
1452
594
1440
7095
999
546
9933
1269
1161
7224
2706
3003
816
585
1785
5280
4158
3915
1344
1161
2310
5733
60
4386
219
342
255
5208
2016
936
714
345
8850
6426
546
8712
12384
756
1656
1080
264
13950
1518
12006
2484
11970
540
273
510
11808
3312
1782
7452
5217
4488
3441
1095
7770
2442
1365
2916
10944
2484
4389
1428
216
5472
1161
7200
6885
3393
4620
4554
11592
2448
180
8370
6627
420
6480
990
12300
540
2349
1053
2193
792
1485
711
351
1710
1071
3675
966
141
4674
1092
4374
4275
8235
6156
2880
4725
756
624
10320
726
195
552
3984
7452
12408
8547
450
1050
2697
12900
1566
540
6174
2898
3720
6399
6630
783
585
7068
6912
6603
4278
297
7068
720
72
414
2976
1881
4125
2520
3888
1044
8280
9720
1485
1152
2793
3630
9408
5913
2025
825
12276
1035
4515
5310
5475
2457
10260
4779
11352
450
792
4512
11316
504
3150
11193
2136
2604
3666
6726
3600
180
9024
7920
408
3456
7776
1176
3888
2160
42
8463
1155
13050
10332
1887
720
3408
6930
2772
5340
1404
6900
1320
13524
1152
1404
2760
12408
2016
1638
828
3690
3045
5100
621
5733
9207
1512
324
162
525
1368
201
12696
1608
8979
6270
9108
1035
8505
6930
816
2040
441
900
3354
1470
1512
972
9945
4836
6063
576
10395
3807
8307
2880
375
8928
9450
2550
108
15
2142
9405
5589
3762
3600
1998
294
6264
81
2079
9312
3915
33
1998
7200
2754
534
1380
6750
9936
2310
8532
825
3654
11907
312
2193
4725
3036
1710
1512
3813
6552
5772
534
11703
5832
2295
2340
12831
1419
1872
5658
1875
10800
2079
5883
912
2160
1881
27
660
6732
5040
171
1395
9849
4692
4779
96
495
5760
6111
3588
2460
4914
615
1725
2871
4335
396
3213
7482
1638
6468
4617
3168
2193
11808
8820
1428
882
528
9
11094
8694
450
570
2268
4968
156
6426
4092
1800
7350
792
2967
5676
2550
387
2850
6954
315
5508
4128
8664
624
5439
4698
2976
177
1230
2394
54
4995
429
7866
5751
3588
1152
1029
2124
1008
855
9675
8850
360
4608
600
3672
720
735
8892
6195
144
2754
2739
324
3510
2145
7611
1491
9450
3150
2775
1701
4224
11439
4452
1518
2211
1914
1269
2646
7392
4266
1917
11931
4290
819
3069
3000
4779
1287
7569
180
2016
1770
9960
8910
5292
174
2700
2730
4851
1872
2535
810
2394
9798
7200
3072
3024
1368
11718
4980
2340
1800
2814
456
204
2244
1734
1632
2418
1602
3990
672
2025
1998
486
1482
7560
87
4386
9555
675
8658
8613
1755
2376
435
6345
468
975
1053
1092
9207
3990
330
12495
432
3417
6030
6603
9504
3822
9954
255
4104
138
1845
6105
5427
1650
7632
2310
1323
2136
3660
2418
924
3000
7110
3960
2400
4770
5589
3813
801
1275
9657
1302
375
2040
6006
2982
1050
11352
9150
5727
1239
6375
924
2964
2325
3975
2736
12825
2601
5478
183
4836
1365
714
8874
2700
1782
3087
1323
9345
3999
9936
765
8442
480
2760
3744
279
1122
1638
153
8580
12555
1650
8064
126
1764
1428
732
10692
9996
3510
7938
5508
8532
5112
2856
2385
1287
5934
6048
1080
4104
8694
1980
5694
150
3366
120
132
132
1452
5346
1350
1938
2664
4500
8658
2394
4320
13968
1326
1620
15
1008
3510
318
7917
1032
8400
5640
1584
7503
2838
1008
7425
273
1029
3468
3900
84
8040
5076
63
243
4095
5382
216
6579
615
1584
4260
2280
7347
1551
3060
1785
924
3927
3198
5700
4851
3477
2370
2880
144
6300
324
6669
4089
1032
7614
444
6840
4845
2184
5148
3312
180
192
7755
6435
4851
6210
8466
3024
4575
522
3420
3525
1170
2679
6804
6552
10857
990
4047
4350
1794
4050
1404
567
2064
1554
480
12513
555
585
9954
261
2067
396
780
2904
3393
30
1116
330
6825
5940
162
6156
2133
4980
612
1581
5850
6552
438
1620
1692
72
1185
8964
666
13386
3726
4551
564
3492
8742
696
1539
4692
8265
960
6996
1377
990
2604
1386
105
4860
1140
936
6789
1380
27
1776
5328
1176
603
1188
1020
1224
1872
684
960
4914
4773
189
15
4320
3969
4047
13050
1674
366
7875
1365
2244
660
3174
8784
2079
3483
159
8052
1062
405
2520
2436
4080
3627
1116
1650
1428
1596
9657
1533
276
9261
7650
8874
1026
81
735
3876
735
696
7875
2940
294
14400
1653
138
1746
1521
2226
2262
9720
6825
1887
1035
2331
69
7788
936
288
1260
2310
5712
2967
6075
5850
1215
1110
99
9963
8100
1680
1104
3750
5106
2820
3822
144
3978
4104
3069
1152
5688
3528
6726
4902
189
7350
207
3105
1350
840
6723
6084
3975
852
3102
135
7128
1197
2790
9009
2460
2760
6120
6840
5550
1080
7875
405
6486
2700
132
4830
3780
3024
5760
1938
7560
222
6732
2700
9348
2160
2052
3720
1440
1665
3816
7347
5775
240
186
4248
7749
2451
9828
1071
14259
5148
1848
288
2088
7752
1575
4275
5220
2967
2160
3096
1110
2850
10824
3861
1584
5022
3300
147
2070
819
672
2592
12528
2619
5304
1728
1311
8769
8064
5976
165
6732
7371
2697
396
8073
546
9000
11520
2211
7770
663
4773
3654
8901
6072
11808
4080
3630
2280
282
546
5940
459
5265
10080
8316
9657
9894
1014
6084
660
11340
4851
5355
732
468
5175
1350
2349
6480
3741
5022
4116
3825
576
375
7719
10212
5952
663
10179
984
3741
2268
4002
1170
474
828
5544
6909
7503
1890
2709
5880
6321
6675
6579
3504
2376
3969
756
5568
2664
7812
6720
1392
9150
2205
11931
4758
4116
5925
4212
1953
8775
1584
3150
1767
126
10290
11040
324
3570
7998
144
5244
432
732
5610
9588
342
7548
315
4941
1716
4560
9450
162
7392
3225
795
5643
1419
333
5589
14250
12513
1395
2646
4266
4563
4050
2142
9945
2790
12054
3078
6480
792
1296
2679
3240
72
7881
2760
486
903
1326
4416
2001
5439
5184
1470
4620
6132
4731
3906
3042
126
11376
4032
960
3780
1200
1518
1107
216
1377
5922
2640
9078
3456
900
2625
192
2538
5031
270
1380
12825
330
4818
294
2808
3696
480
477
1743
5616
6006
2016
1875
765
3264
438
2025
4662
4392
7875
3705
2592
9765
11172
2691
1173
11466
5130
1254
2808
9594
4356
8733
3096
6669
102
924
198
1836
330
4116
1008
5751
390
3024
1332
666
7998
318
4392
3360
720
288
576
1155
7968
1200
3198
5346
7080
7200
375
3375
3465
14550
42
1140
1776
3477
360
462
5520
396
882
1185
1536
5670
1638
348
8424
7344
105
495
2223
630
3648
414
6141
222
2064
5307
3234
4350
96
567
117
5820
10824
3696
456
900
1365
1428
1950
648
4320
1134
4104
8439
2622
7812
1272
7905
702
8322
5016
168
540
3465
6642
5100
5145
1863
1995
5016
2310
624
6348
885
279
6006
1215
1815
11613
141
1128
1479
3102
1947
918
1350
1323
1638
660
12528
288
1440
7650
8040
129
2430
3024
2415
855
5829
8448
1344
4653
5100
1596
390
5664
4422
9720
11250
1044
6075
1728
5280
1407
3393
2040
264
14250
1188
3168
9720
4092
6384
1386
9324
9945
9396
273
7770
3168
6612
3159
2232
234
3024
1305
1200
2277
3102
9918
903
588
2418
219
6177
24
1980
10032
6048
9960
3840
4557
2640
12126
456
1140
5250
8277
1482
7605
1020
504
1050
3432
2331
7182
4380
705
1971
1575
2535
495
2499
3720
8400
96
165
4185
5550
1131
987
585
2550
297
45
1440
1656
546
2346
420
3240
7728
1170
12540
10332
2025
2844
2325
744
2256
14100
4941
330
6351
576
1242
336
6612
3528
1188
1575
3696
2739
2625
2475
342
1782
3828
2553
255
1500
2448
3885
2244
3999
306
10080
3366
2262
63
2970
1710
510
2211
3588
4050
2835
7896
360
1485
1746
255
1170
195
51
2211
9384
8295
129
7209
3150
2604
1455
7215
1422
4455
198
405
5292
4770
7695
141
2067
9159
6768
660
6192
4437
2058
1587
6045
2205
441
525
3783
2349
10413
8463
5265
10458
7590
882
6555
9324
9408
3744
5700
10332
5310
6006
201
588
3570
7128
2835
7482
5037
1134
264
363
3024
6960
468
1953
12672
7035
6279
2268
1440
5520
1080
9477
999
1080
1305
561
4779
1392
8736
4920
7392
1845
2190
2736
5292
423
2418
696
612
2397
1539
1170
1062
1575
3534
2880
5358
4488
7191
6000
8235
450
8436
4320
3213
408
6519
2040
1620
3591
3069
846
1287
3
672
4977
216
252
585
81
3600
1173
3213
690
3996
468
198
660
276
5724
7800
9
426
4752
2535
672
1782
4275
6588
1071
6885
3255
11319
747
2064
3720
3696
4785
105
2967
1170
5775
2475
1365
3477
2178
150
2376
9024
957
5304
8280
405
2520
180
1869
3366
912
4464
2880
2010
420
390
1485
8466
10692
882
5175
11220
7830
3237
5358
4851
198
7140
4485
6474
1134
1170
210
8520
1890
315
3300
4104
855
6336
294
3045
954
462
12348
3570
8928
10575
2664
7560
90
5148
357
3078
11613
11481
312
2184
504
5625
1365
3306
13395
10185
3906
345
21
10956
675
1656
1530
5805
7812
4368
2457
840
5328
378
510
4674
1701
111
7140
9114
1953
1116
6264
9450
2508
4257
675
3360
918
84
1989
882
7029
735
6624
1692
1368
1620
1215
11220
990
8520
1083
4464
2268
8418
285
87
3393
4074
3036
3150
8064
2352
4794
6120
3828
8256
42
7344
5217
516
8100
513
2058
1365
2970
1806
3564
12282
702
306
420
7104
2484
10800
3498
924
2256
186
1950
1224
5481
540
351
9828
5904
312
6579
8775
6270
10200
108
3960
1581
1674
4140
1494
5841
144
3360
1728
204
4464
4107
3081
621
432
114
6063
7857
2160
6273
6480
570
5016
9009
1827
5040
2970
2832
4320
1050
684
6675
8820
1122
7410
612
12222
1701
357
7680
4482
3168
1440
2457
8613
810
2460
2091
2850
2142
4272
2673
300
9240
2430
1320
3102
3237
243
2430
5661
2808
1944
12285
630
1518
1836
1548
12222
7215
984
4329
4104
207
1701
75
8448
9180
9324
1743
11349
2499
3510
5280
13113
3477
228
9240
2205
891
1554
2160
504
864
6696
2499
6270
270
4107
1590
864
3150
4290
9720
4278
945
561
6750
1485
1320
4752
1449
312
333
5208
4200
12672
93
3483
252
3666
141
1440
3672
3591
1065
234
6075
1152
666
7128
2079
3630
5478
7395
2772
972
2079
624
7638
2592
990
5694
108
396
3726
7722
4125
5859
780
903
1680
4515
7290
7470
2982
5589
705
3162
1476
24
2490
2961
2241
11664
10098
1353
1140
8208
450
930
3762
1080
4131
7245
1242
615
6075
9729
10824
7965
7680
12750
2409
468
549
3300
3249
1176
1131
4464
1215
4860
1944
180
3036
1764
3066
7200
5610
5544
2448
4752
9855
576
6195
2142
6732
10701
1026
1260
777
3300
156
840
3201
9159
1404
585
11400
3792
1890
4452
2970
945
1476
2106
7800
12282
2793
2370
4347
690
2520
231
6909
1518
4674
5859
4641
3861
1944
1122
2706
1230
1224
8775
8370
4698
1260
1989
324
4644
6210
6351
9462
600
2175
2160
300
4698
7755
4104
10050
6930
2232
8190
9801
300
1530
2622
10545
12696
14400
8613
180
6006
7020
3060
5130
6210
2100
7128
2700
10800
8568
2208
792
9348
10350
720
243
13392
9480
360
864
5643
5700
3672
5904
675
6336
279
513
3534
2040
11340
6579
12408
7488
6825
231
5016
81
4020
930
750
765
792
4107
5880
264
4620
252
1218
8883
4212
6960
387
2511
2376
3276
93
594
13365
1848
13365
36
6174
312
8466
585
90
585
2016
1080
828
2442
2016
1140
2700
2379
2700
135
7038
1995
12540
5412
864
1512
1155
132
1332
8190
1287
546
3420
6120
5700
3108
4185
576
6075
6975
2457
3009
2700
1896
1188
6486
2322
9450
4320
4686
1395
1476
960
6432
2904
5400
2550
12
936
102
7410
8277
5103
27
3654
12012
1566
945
936
2673
2142
6480
8991
4266
7605
138
1932
78
8925
576
12177
8613
3723
1350
3660
3348
8748
333
1122
1683
7392
750
3666
4290
9504
14400
10332
3564
132
4233
1392
4416
2016
891
7695
330
15000
12420
6642
2430
7980
1980
396
5040
30
2736
9234
2079
315
14406
1350
10200
135
294
825
2673
3024
1377
2580
450
6042
2736
10011
720
3132
735
1593
207
1860
5700
1407
2145
4284
582
1794
4794
3510
609
666
6762
3354
3066
5307
4896
300
546
186
4092
2208
2001
4914
12282
330
7191
135
3840
1530
5490
6345
8832
2970
555
225
8664
1152
2838
1548
1539
4656
252
360
693
252
702
6204
7728
2850
5625
5043
468
9165
6324
2352
3420
6624
129
8295
5658
3567
8760
3888
6210
10836
330
3036
8778
12771
1458
4131
1548
5535
1053
5829
5229
252
11088
3906
4680
4212
11100
1449
3960
2193
552
2016
2418
1200
330
9945
2520
315
6063
7668
12816
5904
5832
1260
1764
13395
1632
7839
9150
11748
6150
495
1710
5796
3480
10395
1638
8649
3072
8322
6720
4284
3102
8820
2964
147
13662
9588
9102
1254
2448
3978
5016
1320
288
4872
1170
6723
1248
1827
4500
1173
10956
816
3567
8400
6048
3213
6402
6555
4455
3864
198
3816
1350
6270
2592
9945
552
6486
2112
4248
2850
2415
6768
609
1848
1320
9804
5289
8880
3225
600
51
8874
6402
11616
11352
7749
2679
4380
1974
9450
1323
8544
1764
1638
12126
10323
3822
3168
6642
558
204
5610
2838
5640
5103
876
4830
3657
3534
8400
3300
1080
1932
2820
1395
6324
2442
3393
7110
2178
243
198
5244
540
4830
42
2679
7332
7560
513
2052
4830
888
4752
3354
4200
408
276
2622
7425
81
3843
3024
120
1653
630
1539
1989
2058
387
756
10260
4662
24
480
522
153
693
6000
7161
9405
2337
264
8820
6996
8019
117
1776
4914
312
9324
1710
1134
7290
4536
2544
11475
11139
570
714
1248
7611
3249
3978
6804
3978
5616
2553
4374
648
3780
1620
8460
4356
75
1938
5358
5880
3600
1584
7626
1800
2916
9936
252
7350
2793
360
945
7632
2520
2601
4914
9588
507
3087
495
3213
198
207
2907
276
7155
1353
8160
8103
2997
468
1485
2352
9000
231
1125
1428
1440
990
288
1518
444
1512
6837
2520
6468
4182
8712
10962
891
2883
81
2880
4134
1590
2499
162
1254
6720
1710
5760
1512
75
639
4941
4422
6816
120
2277
2397
1539
1104
3822
720
14700
5670
1386
1230
930
1518
1020
360
2691
450
13254
228
3135
222
3420
6399
2604
1380
2457
5292
2370
216
714
306
375
1152
10800
1599
8100
3591
6561
1350
9648
399
672
1170
2520
111
459
4698
4134
855
7047
10626
132
2772
10878
600
2325
5700
1860
5292
1200
3510
1455
7182
1971
5280
3900
1062
1575
5247
150
10146
13377
2046
4050
3480
4959
1020
4968
459
9900
3420
1068
480
5220
1173
1152
14112
6750
510
585
8316
2442
5616
4500
2898
300
3780
720
1209
2916
1992
6351
6996
3180
11421
2550
990
594
12672
8580
180
5301
1638
1323
9120
3105
5742
3519
333
13068
12300
378
1881
435
36
4185
4590
6027
498
2958
2448
2511
6384
828
3420
1428
4617
6600
5412
4500
2940
315
1134
123
210
7497
270
1587
4950
6318
11205
6615
14700
3456
150
5676
8775
2052
8541
6804
1749
1170
9801
1311
2304
1881
3150
2088
3255
2346
9225
11952
1008
2940
4794
2223
9072
1560
405
864
2475
87
1377
84
4275
8640
2448
2565
2847
8217
1656
10500
7257
27
12600
495
180
5832
2223
3009
10764
1674
4752
4554
1716
948
1500
4995
6534
1323
1269
1917
1485
6150
11352
2739
5772
3600
564
1938
1065
4032
11094
1305
2700
6063
11550
3330
8715
4104
117
8487
2496
3564
10164
12348
9960
4140
7488
4650
4386
6318
4860
465
3735
10680
3408
3456
162
7668
14553
2475
7110
2025
111
144
702
7254
846
13350
11088
2016
630
6138
9690
12450
2736
2142
3567
10428
3705
630
510
1215
4020
11700
1584
10710
4332
5124
684
7221
8127
6210
4920
828
3906
2160
9600
300
684
13377
10857
5544
4329
5850
222
1302
1224
360
240
4860
1275
1998
1176
5427
1602
624
1275
3735
6831
1122
1050
2100
6027
2205
2046
522
1710
375
108
8640
60
5508
4752
132
4557
750
7905
13959
2790
711
1551
1452
558
11466
4050
7644
4698
2070
1518
3108
4392
213
99
483
12285
11250
396
2706
2604
756
1620
777
234
4950
1008
5616
60
5487
1494
3444
10665
735
3627
4104
2574
2046
1650
2610
10374
1782
3075
2697
4446
6678
5382
555
6240
12750
165
1782
3240
3627
3744
11700
384
990
1254
4158
1305
2601
3762
234
357
222
3690
1449
450
18
7749
4845
1440
165
6723
1422
3471
6222
11088
2079
1209
6720
3969
4872
1215
12642
561
3402
1638
9594
6615
108
11583
3111
210
3060
5550
3240
4374
141
10857
3168
10458
8976
1200
1071
840
4230
1944
9300
1836
4692
1980
2610
432
8094
2640
2016
5148
3312
8073
8487
10044
7884
10224
600
7995
4464
9072
615
4800
6903
1617
5358
5994
6141
8892
9612
1935
3060
540
2340
9555
5346
1581
8208
1200
1677
6912
1071
1476
2070
3822
4320
4554
12936
1287
2322
885
6768
14400
2520
2337
693
6324
2700
2040
1365
234
3525
8160
7254
1989
4029
837
798
1092
1950
2898
4725
11454
561
78
2940
3927
513
495
2898
612
10296
405
75
2580
5478
966
18
1479
3096
7011
3735
1755
8307
66
900
171
6942
1452
6327
3354
3360
5565
858
4686
207
4860
2160
1260
3696
6345
1083
216
6030
3162
2550
13680
4914
11220
2457
7242
3906
3915
3066
3237
5490
5103
1617
2538
1215
4845
441
333
4680
264
2262
240
13395
2871
9936
4050
1029
6732
21
1800
2112
2583
1254
6450
12054
198
3618
3264
840
384
1242
312
300
2304
252
3420
1482
735
1530
1575
3834
1593
1110
10800
2967
345
798
390
4050
2304
8832
6048
498
3552
312
3102
1020
819
10350
1890
1428
4860
1767
2691
1911
2808
2304
6132
3354
13662
1782
1485
7344
1410
5796
11349
5289
132
156
6864
5829
12834
3783
162
4158
4464
945
2331
8487
234
4896
768
837
3096
1056
3393
11193
4620
10692
2415
1584
3840
5346
4512
7938
468
1632
1125
7020
2268
792
3339
1950
5550
11139
6468
144
2769
5145
81
720
156
1323
7503
1500
8925
1032
3087
12495
468
546
3510
21
4620
2565
2646
3996
2109
4500
2460
7665
2340
630
423
12150
2208
12240
126
13968
5124
6972
2268
8811
1950
10098
5760
6909
2187
7134
1782
1305
1050
1890
5568
5145
13095
780
126
4947
10458
6237
12420
6192
27
168
1827
1215
162
2700
2160
5922
4590
144
735
60
6321
1728
570
6903
4335
4386
5202
1584
3096
858
2565
3663
8778
4437
630
7884
636
255
1575
5529
4368
4410
450
1020
6732
3381
8844
891
2538
162
2325
7344
4485
2730
9480
45
5040
7050
4050
660
6222
1176
1836
1638
5472
5427
3360
1653
255
10944
3627
12789
6630
7881
4662
1638
819
6279
315
5922
240
2403
492
4089
240
1404
5655
2394
2730
612
7605
9849
2700
126
4140
312
3360
2160
1485
1242
3468
3000
234
75
6630
4500
792
1806
3960
1971
1836
108
4590
2052
1674
6996
7560
960
2205
3267
810
300
4608
2862
570
2772
975
12150
2910
4620
10206
3792
1092
9900
5112
570
39
6900
9261
432
408
567
3675
6552
765
12750
7776
5070
798
1485
855
168
5832
2250
432
7905
4662
5664
2640
3219
3570
1494
330
5214
5490
1161
423
7626
2340
342
3741
2646
234
4176
4980
5130
264
4794
1440
8784
750
39
4680
2697
7638
3024
6450
882
2820
1122
2937
924
1200
1875
6480
11868
147
4845
9936
1491
255
7980
5760
6996
13200
8610
456
8379
3402
1932
3618
1050
1482
693
1485
8946
5985
4656
420
2079
120
10692
1944
5130
102
960
825
1485
3300
612
3468
3600
2340
4794
540
111
2604
5670
87
30
4320
3102
7425
5841
8073
1083
3552
3132
645
648
810
1989
10530
4050
432
792
7254
2175
13800
249
810
2139
4740
4131
2856
9963
11025
3933
3843
12267
7476
1701
7452
3762
3969
1260
1287
2484
9960
2064
4935
1530
4320
6450
2976
4293
5472
810
525
300
213
2775
2808
1680
3069
210
705
12201
3300
4389
11730
840
4212
3510
1287
4278
9648
960
6831
1095
2583
3078
4275
2565
13536
273
1440
63
4959
8232
81
12555
2970
6132
1290
8670
3225
11985
7215
8004
4851
5544
3294
2574
3444
1470
1785
5100
9750
9600
735
10146
6873
2115
1875
6555
300
2379
1320
7950
6669
828
6405
9717
2106
504
12513
765
4263
1647
13104
1911
4752
4224
8418
6627
279
750
2250
204
1722
4956
2340
903
2784
729
4899
6006
6984
9435
42
3393
4692
576
1995
780
8307
10836
9009
1800
660
3180
468
1275
2325
5292
6831
4032
300
6996
11400
6216
1200
8928
4107
2700
8550
4380
3234
4365
2565
1080
504
900
3807
7020
1323
4845
8439
1743
2697
1188
1188
3069
13110
1386
9312
378
2625
6885
1764
5124
11466
1950
924
2184
972
1098
6840
1044
405
12144
4095
6225
1554
135
861
48
4680
6768
5175
8613
7056
108
267
1848
5664
3060
960
7995
7884
8658
6120
2079
1368
9306
1920
3504
756
6075
870
10710
540
6468
7056
8601
5148
8190
9384
4617
2010
504
810
552
3300
2001
6885
4437
5796
702
2277
4836
1131
6072
6138
6768
9522
9009
54
7290
2772
891
2700
3375
11316
1278
1584
7176
7290
246
6630
486
4200
5760
4554
204
2244
5940
96
4551
4371
5616
1914
11550
108
5289
162
2613
1395
870
630
11400
7866
1245
5358
10530
438
3300
2262
2754
174
420
342
384
1782
12015
252
5940
198
7350
5616
3276
27
1275
522
48
7380
924
2142
2277
2139
423
1980
1176
1824
2232
1080
1044
1458
189
1365
6750
1377
1932
5967
2814
5904
10185
312
11160
11232
6000
1350
5400
2079
4611
696
1833
4788
4125
1020
2982
738
3360
8976
3120
282
3192
1080
6210
1200
2964
5250
33
672
2610
8064
1395
483
4455
10146
5427
540
819
708
7140
2079
924
5832
1122
3198
624
1482
7626
7161
1131
5358
1140
13248
216
5187
3600
2535
7590
870
696
5265
1782
132
6417
567
2847
324
6726
165
2970
3276
720
10944
10710
5550
1305
2067
7776
3780
420
660
864
864
3663
4482
639
3132
768
9225
2352
2808
2025
594
4212
147
696
8550
4641
3360
1848
2574
4515
9072
7992
5043
450
4761
396
387
2601
4230
54
3906
6696
6750
12408
4902
10962
3471
2808
4851
8325
1584
8991
5628
3999
3456
168
5940
1800
4899
2850
6579
2970
2394
3528
2088
7161
828
285
6885
1140
3408
588
315
5208
8148
510
468
2193
5124
816
432
9504
4752
3717
1917
1485
582
7728
144
9945
6480
2142
6144
825
1287
6600
198
9828
4368
3621
318
6438
2736
9150
9648
1875
4704
1176
1944
5310
240
204
153
6120
1764
54
4131
2700
4263
4275
9717
5544
10224
4662
11349
483
9450
480
2625
1134
3087
555
3870
10707
5148
105
156
12300
9384
5289
675
315
4914
846
1584
5499
2139
1806
516
11454
2322
60
819
1161
1254
2025
4503
1722
1881
9198
2970
1104
1008
468
2622
6174
2079
10764
546
84
10185
1974
1656
2442
6996
2691
12696
3075
168
2829
5217
288
1470
384
2967
2553
201
432
630
5358
2340
7068
7290
318
1953
5445
855
10164
3240
3672
273
6519
1863
243
1836
8316
6138
990
4557
276
10935
3132
3087
7332
12555
5922
2475
2496
8580
516
5751
7524
10296
11880
4929
1980
4845
3075
2268
1692
630
6072
315
8640
804
24
570
4743
7176
1692
288
7056
810
3999
4536
5940
10374
1989
264
2340
6552
5775
3180
6885
10857
4752
159
4797
3528
4284
2277
99
1386
1749
8556
10764
8190
7980
7344
5427
2250
4761
315
11997
2457
216
1323
873
1197
7260
63
8256
36
11454
3468
2940
7140
10830
1554
756
2898
6771
276
11205
330
4032
2496
147
2277
2613
900
5040
1350
13671
10350
6321
2700
10080
6324
1836
897
10440
99
4920
990
75
1872
3072
150
6789
4644
702
5307
6723
1638
87
1053
5439
2160
8946
1620
18
9216
3366
816
912
7548
240
1425
3975
30
5658
5796
7584
2886
11760
2625
9828
7425
10434
3744
2322
9135
3726
1296
180
4650
969
6270
600
195
7245
2772
210
1254
153
6048
363
3024
1443
147
10224
6360
4929
2850
1440
957
2331
3822
7680
4851
3876
615
5688
180
4134
270
864
8640
4644
504
11115
2160
2754
1914
4248
1632
138
3354
528
2337
8844
5781
2772
14550
2268
258
6825
5976
870
2079
9450
8514
2091
966
10200
10323
6486
8265
7425
3591
10560
6624
8178
8322
990
4731
1845
5229
2277
111
3015
924
546
111
3900
3744
936
4995
6984
1476
141
2016
9306
675
5529
7656
5049
5733
1080
1479
2607
1518
1323
84
3528
7740
765
3465
4332
12555
2937
6534
3774
2268
3096
7650
6270
6030
480
1755
2691
3000
7812
2046
1620
2880
6834
3060
2772
10500
936
1053
4224
6027
1443
588
6882
11550
15
5217
378
5589
1296
7788
6111
10080
6006
9504
168
5616
6480
1476
3525
2805
2691
6675
531
6192
3570
4116
90
5883
1575
7275
2070
6111
3015
5940
7191
7425
3888
1740
540
4347
5904
9102
648
3627
5529
1998
2262
3960
1488
5418
7752
3672
609
273
696
4851
5994
3000
1080
9009
2574
8640
534
5628
2907
144
8100
3384
612
2607
234
13824
1701
132
2592
540
4080
9240
3510
2376
216
4752
1782
219
8178
93
42
2898
2553
5916
4050
2580
4539
372
852
2673
945
8280
11481
432
3081
8910
2772
360
714
7182
6006
1176
4914
1224
10164
6138
3564
372
10395
2451
7242
11985
8370
9690
1275
2844
7047
7176
780
3696
2808
531
7038
10731
168
7524
4050
9870
690
1530
1440
2499
4560
5208
1944
3876
5985
5940
7410
3741
4515
1296
1734
360
8778
1134
9648
459
11220
4752
3549
6762
3774
6816
7350
1209
9282
2574
1164
3822
396
765
5841
9300
8580
3036
825
1482
4278
10434
4233
6048
2025
3066
3159
582
1881
684
1188
2700
1170
483
75
5643
1617
1554
198
2052
6318
864
5130
10692
36
5217
13965
10395
27
7128
7020
4914
5301
1386
2400
264
1170
1410
2652
12255
7869
7965
636
6270
5865
13395
3060
585
1728
405
2967
876
315
2871
873
990
4365
3120
405
3366
1080
7857
7998
3234
2346
1650
2046
3696
3864
4335
390
648
5700
147
3948
3675
2604
3432
651
10575
1638
13083
8547
3366
864
369
2166
1311
7437
1989
3174
426
78
3168
8784
645
495
2322
2646
3564
3354
279
1479
7590
4560
2064
5130
1599
7626
5040
2013
675
10428
270
1881
8424
2025
3003
756
672
747
3363
1224
108
240
3990
2613
12936
1386
5130
2442
1599
1710
1053
210
6993
8100
288
312
4455
72
90
1320
132
3042
6270
2025
357
1248
567
12408
855
6468
252
819
4611
135
5544
444
13230
4320
396
8118
2394
3060
507
4050
6534
294
1353
2280
1596
8550
10764
4224
825
1053
7524
4278
7800
3393
6360
4134
225
675
750
1881
5025
3255
2754
810
288
840
2538
6210
3780
228
1638
756
9030
4329
6486
945
3843
24
2016
3021
1539
2190
3567
5247
11172
483
990
90
8694
10767
5040
2775
2619
1008
3420
324
4884
2601
11466
5460
6873
1200
225
378
1287
4176
51
9636
1314
8775
6273
3219
7626
462
72
1278
1674
30
9555
7938
9660
2280
2460
2403
5082
432
630
5400
7821
6204
3792
1260
5400
6510
390
3168
306
3705
180
2115
8436
960
5733
1533
4935
8190
3822
7980
1479
4356
11583
660
4770
3321
6030
5070
7965
4563
1449
1488
8208
1134
4641
1953
6603
114
2352
693
2448
4320
3660
462
1800
5589
4560
3069
450
333
255
8010
3000
882
36
5610
984
6150
7965
5940
6975
4761
5292
369
6579
252
486
2100
10212
1836
3552
2277
4056
3444
10143
4902
7524
4410
5568
12549
1584
2376
1440
8118
5244
1008
2805
11232
60
8280
3933
648
1188
7896
240
1245
12513
5814
3042
10434
8664
2760
3366
216
1110
2376
1260
612
1575
2736
8400
1392
171
4851
1728
4650
798
132
1458
7722
1215
273
3612
351
6825
4845
2331
1260
2190
1404
450
5751
2850
558
4875
4875
3021
2196
7134
9288
945
4788
1479
5472
4560
4116
3042
1767
3705
4371
7800
3402
7020
2772
2835
264
1092
2340
1221
1710
6072
8820
2058
6786
1419
7830
1716
3822
210
2850
4107
6768
3510
5535
7650
828
8673
3000
1482
1632
3483
369
5031
4104
1836
2415
810
10764
4788
8640
12474
2565
5805
1281
396
3024
2436
396
2337
900
2784
6909
8385
135
4350
180
1974
3150
2430
9603
7776
477
4224
168
9450
1260
819
5103
4095
4032
2397
5346
9657
4272
1620
4074
660
267
900
10260
9522
3456
900
1131
2736
2232
3834
390
7638
5850
5535
2430
10200
726
234
7290
216
225
495
4599
18
4836
4959
11421
7080
330
1425
1164
180
2664
2790
1728
9450
2277
636
2940
693
1323
2475
10800
1296
1845
1245
246
672
3645
7980
2112
9165
903
756
600
8580
1260
318
1989
7854
336
2325
12177
6045
8094
1596
312
11466
8436
11160
7881
7242
5742
6417
2064
11349
1728
1980
9660
4335
2205
6834
10530
3510
3948
9108
405
2394
1242
4836
705
1776
7605
3723
888
2070
8040
720
6138
11058
6417
2232
1092
54
75
7257
1617
2574
6048
675
4524
1116
2109
9324
2961
6432
2241
3045
3510
3402
5616
3159
4185
3444
5472
8085
240
4698
1602
6873
3780
2328
4704
315
5850
1764
138
5550
5160
24
4464
876
8004
2574
2565
2499
6708
156
7395
702
702
2652
4851
10947
960
564
5076
6960
276
2376
9
7719
10086
570
3705
714
2574
5850
8037
5100
3087
7548
7812
1599
1656
1932
4959
627
2904
1938
6678
720
9675
1836
4209
1242
1617
7227
5781
3408
297
4503
4830
1026
8856
1872
2328
11172
900
2046
1530
3180
3996
2772
5358
1488
1026
11703
7719
2016
1443
8280
1170
12750
2940
1014
456
3213
4515
1350
9216
8190
7812
6633
2925
3444
3087
10125
396
4620
1428
1254
8085
1008
5805
525
6000
6570
8400
81
5742
5472
2640
7128
9243
5796
4731
1722
8505
3726
936
3525
945
10584
855
150
1122
7095
2070
7200
5439
288
12000
9828
231
2520
2820
1764
441
2484
1638
9702
1776
2124
399
9384
14700
7920
390
1800
1827
11481
2700
1140
2697
7644
5940
2808
273
324
3213
1095
336
2256
4158
1080
7380
10200
5658
1458
5520
552
4698
210
690
5673
2772
7242
2430
756
11349
2436
4788
4266
780
2580
2478
864
2208
987
741
2538
1260
2106
8772
2982
33
15
2310
1860
4347
8664
5418
1254
4347
4455
2925
1458
603
6120
3096
3135
4455
6336
2484
6804
12672
246
3456
7110
48
882
2814
8091
1089
7155
10293
8550
6720
720
2862
7752
1428
3510
3996
60
3075
1350
429
816
936
1173
4968
3672
864
13386
4623
243
9324
207
360
14259
1134
126
1680
1800
1020
1872
144
1170
144
5340
615
6708
468
1740
6600
1488
2397
306
3825
648
1296
6528
1350
7200
84
10824
2322
2553
315
12972
5976
2970
777
3024
1710
513
273
2412
228
264
468
2277
3900
171
1482
2346
495
4752
1206
3528
3588
4884
3078
705
3906
1368
825
576
525
8103
4050
6612
270
9600
3441
2574
147
2280
10878
4410
7290
273
4266
2508
2691
1968
2070
6270
1050
6006
2088
6075
2178
4200
4956
11178
246
2070
1254
2268
528
3204
6510
4590
1332
2028
720
1620
3996
3105
1728
2133
3525
4005
3444
11400
3339
8556
759
5076
3969
189
2001
864
3120
5670
960
6930
54
7857
1836
5310
6399
312
750
5070
324
78
4785
168
2814
3036
8019
75
237
2886
3978
9384
10584
10080
1749
3978
2376
4026
5358
2592
1200
3315
3150
7881
9585
1170
105
11583
4998
3564
138
435
306
2268
6120
378
15
5208
516
1224
4128
378
2109
1215
1749
3102
4623
1242
6912
6675
6351
5400
1350
315
1242
3960
4107
9246
1710
1071
1377
3069
1800
105
3570
3240
3456
3306
12276
234
63
9765
1740
2625
4800
9261
1386
5904
7533
144
288
8322
12348
189
3111
2160
36
5160
10545
3888
1080
14112
4914
6882
2040
693
900
3885
948
7029
10800
8256
1800
4779
2106
3813
69
2430
651
6942
7788
3528
6519
1620
4032
4515
702
4482
819
2025
1584
567
882
2499
6930
3483
1728
5904
150
702
8928
975
1140
4920
4116
4095
4824
495
1548
507
1560
6900
273
990
2016
3330
3564
2376
1476
9312
510
7884
8160
75
4233
1470
54
4830
2835
2136
621
12972
828
2520
120
7326
528
372
6909
1440
12201
1188
7920
39
8316
1539
510
1488
1080
420
2268
2574
1026
2988
336
6837
4416
14700
1716
1950
10449
2331
1785
9159
2136
1275
10584
66
1581
5313
2013
1518
1209
63
1947
378
10560
9840
108
4125
9720
3807
1458
3069
12000
2079
825
10824
1107
4500
12
1827
13110
153
2025
3174
3645
8277
6723
11088
1692
8526
6408
3375
69
6324
405
4005
882
2508
3795
10950
3825
6762
1032
9372
10086
3750
7260
5520
540
336
2898
30
3150
4725
492
11760
2805
1620
7020
816
12177
2580
6270
4935
7371
1287
3936
6399
1992
14400
7200
4332
1950
231
2898
744
13068
1734
6279
2652
3105
12348
1305
2652
5676
5940
4620
8262
243
486
1755
5475
1548
11400
324
4059
759
2070
1800
3666
6402
10332
36
12834
7821
2673
9108
1170
8241
7104
2592
1170
3660
306
1470
7869
2337
9996
3066
1980
12900
2400
9690
6624
6909
720
1860
2415
3663
2160
7221
2250
1485
8040
10032
7560
3060
6318
594
6237
3942
42
3060
2646
5883
615
522
3906
2592
8991
8019
816
555
2556
1287
4560
6633
6708
2385
795
5610
432
84
10878
144
6222
5070
1302
99
153
4947
2310
1326
3744
1485
1674
1344
9504
780
2223
126
54
2232
2541
1428
4200
13365
588
1953
4161
3483
9849
2835
2484
10413
1881
3657
6006
7128
645
13662
10989
1092
3237
270
3660
3483
1710
1404
6612
2442
864
9765
5940
3465
288
684
1974
1044
9990
3663
189
1332
1620
6039
2067
5529
3570
8700
264
8352
3552
9009
1890
1353
2178
4644
4440
45
1470
6693
294
120
5760
972
12450
4455
4446
2700
11232
7866
1368
2850
5382
8694
4563
2736
1980
3492
1650
765
9546
600
792
12144
837
1575
900
1380
1782
414
1053
555
13254
2016
270
1404
1479
9288
4485
378
594
3339
4332
4680
135
3240
5328
2142
1080
7632
3102
3861
3612
3888
8295
3762
6561
1056
3456
6045
3420
2436
2277
2340
13677
2844
396
5940
2232
6063
663
1386
3600
210
66
4131
261
4995
150
5904
5490
4320
1653
2415
1764
1344
672
9225
2457
8352
3528
1701
5310
1350
570
3825
2037
4641
5580
3948
5640
1617
10584
2178
4200
3630
1131
12900
4602
5100
8250
819
987
516
561
510
144
2079
5031
2400
6132
2898
4320
105
1848
2301
2790
3456
243
4698
3360
4455
1548
1296
5766
624
1200
1290
1428
108
10656
1566
450
2553
2907
558
1029
150
2565
2565
1419
306
2052
84
9690
1350
1320
12240
2673
549
24
2268
123
273
8979
1404
816
3888
5904
4329
5418
5400
5310
8316
2436
3381
8325
2871
3267
6474
1080
4410
3255
4005
8235
8037
3519
3465
5535
1617
1824
2673
600
4380
252
9450
1584
4644
282
975
2415
396
4731
3567
8364
11352
4089
1350
7695
12816
11613
8946
7821
6552
7245
2091
495
6321
285
1596
1050
2079
240
6426
5304
312
2622
2025
198
7410
513
2550
6150
4386
11376
11040
1332
2457
5589
2310
5658
234
7125
693
6627
756
5658
270
1230
5499
8400
1755
6138
588
255
3483
246
198
4356
5508
11400
2565
1320
10413
2262
147
30
7686
4128
8649
138
11520
273
252
9045
1764
10950
7326
11880
3087
390
3528
45
1428
8322
972
1128
5985
4320
720
1350
7566
5916
252
6873
825
4425
2508
798
4356
1050
171
8640
2691
8235
1722
3834
1092
2349
7533
6723
1260
4050
2970
1848
9996
8322
6225
438
2322
684
5148
4005
2436
1677
10488
231
2160
9840
2646
4704
8148
900
495
8208
5925
1215
10998
576
1425
9588
6063
1485
11349
9855
1521
3705
1749
5307
4800
3096
5175
1491
1584
3627
558
1305
2349
3822
1647
6204
9975
3120
9750
1914
2940
10857
456
1575
108
2604
6624
12972
7425
444
8208
987
5688
2343
3180
156
5148
8280
780
1419
5538
1620
264
999
6972
9150
9009
5031
3204
300
6345
783
2268
1800
7290
45
759
1044
2940
975
609
3276
189
396
198
1254
990
300
630
2262
2964
1200
5712
3456
888
5451
168
5040
12642
2376
2187
1020
11223
4680
7755
3870
600
4500
1104
7920
3744
4320
6534
918
5220
5775
7650
9306
5022
945
9750
3519
396
11376
1092
141
1287
714
2187
7020
3300
708
198
5130
1974
1710
6225
14100
1482
5733
4446
4089
4428
3096
7665
2700
864
6084
4779
8352
4257
11172
567
1350
243
1215
13083
13095
10428
9207
8901
387
2223
1512
2184
240
135
1140
840
11352
1155
3774
1425
2301
3876
3999
111
13377
2397
1152
3075
2184
180
5859
7350
6003
873
1404
2856
7920
10665
2346
810
1632
5586
1380
4080
3819
8835
4590
8316
2520
6321
960
6966
4020
4482
2967
4158
6834
5217
780
867
204
2046
3402
4968
2640
315
8640
3915
4278
144
3960
2025
2349
5358
12900
1152
369
6966
8460
2106
2394
1026
270
8550
12972
336
2394
11907
2700
1749
10437
10935
13536
459
3102
2700
3510
720
6237
10212
2847
4257
588
2511
4158
4185
10200
1443
1476
441
603
8370
588
1482
1500
2208
1470
7140
7614
1599
360
954
3105
2850
2376
2700
3750
282
5589
2244
2418
1386
345
3105
99
4050
6405
1026
1875
1287
18
5478
756
6003
273
4428
2250
3420
408
2697
2436
7020
48
84
2325
126
3612
4680
780
6426
1512
14553
6588
1599
123
228
1659
5400
4920
7161
3534
1845
1365
5472
4644
600
6018
6882
21
6996
3108
1161
5490
9975
6336
2511
1242
315
1062
3960
3075
189
4560
639
2223
2175
936
6486
6360
2772
495
3690
5115
6237
405
10395
1590
9576
198
24
1419
2394
1749
234
90
1230
6204
315
147
4692
6762
1764
2106
13536
8160
3969
3444
1188
6417
3393
11583
3186
855
522
3234
2574
1650
390
11280
9471
4464
3570
387
1800
6630
5037
240
396
6693
3969
405
3483
4212
4305
1425
6063
90
36
690
2808
2964
1875
63
4773
2025
2760
1170
7665
840
3621
6708
3627
729
54
72
2340
1827
540
2772
1653
5694
663
10710
1404
3750
1419
1470
1056
507
279
6321
3024
1860
1392
14400
4500
384
10836
6474
4374
7980
1140
891
531
1368
4131
3726
2058
432
11583
1518
2196
957
1080
1062
12096
234
10449
72
120
4560
9801
510
378
240
11250
2295
420
2112
4752
2754
567
4653
3567
10962
1140
3450
540
513
6624
180
2112
552
141
6450
2730
2250
450
1014
10185
5220
5508
4608
1224
1755
486
7722
5874
1197
5202
11730
825
3672
792
4980
231
6027
2040
10074
624
9120
408
1932
7137
2484
5700
4320
4692
1176
1476
4440
3738
7896
5025
4920
735
2016
2835
9603
1290
1350
5217
9792
4437
561
3240
615
1638
2100
1944
6882
5880
4752
3267
2604
3498
162
2772
6723
7236
11319
888
1485
1245
1800
594
435
1989
3783
444
945
13965
402
720
10179
1218
3354
11193
7875
2160
1440
42
9072
3021
1050
8541
1365
4674
4446
4704
1470
594
2394
3780
2256
1734
1881
2898
1674
2904
8775
3069
3360
2850
2010
11703
306
693
6426
4824
1377
660
1548
4029
6417
1419
2760
1218
7722
12960
3519
570
10080
10575
216
576
198
2793
1242
3600
282
1680
2736
54
7224
8901
1215
10650
2700
11730
525
4992
324
12240
288
2295
5265
3564
7680
1875
423
378
1710
7110
1377
1326
9828
873
5355
6909
2970
7020
2088
2619
9072
8775
1221
5100
8640
10449
3960
10032
3861
5451
1053
54
1161
165
63
12240
3300
9477
1404
207
12513
11421
4536
10950
84
4482
2079
336
8736
1653
1320
1875
1452
114
213
4686
2880
2352
828
4416
864
4032
1254
720
3120
675
468
1326
4095
252
9990
267
675
900
8058
2088
882
4275
90
2160
1953
4650
2754
810
144
4752
10044
207
105
4104
4662
201
2340
2940
5046
783
7476
6063
1131
555
702
6885
12267
729
6480
7650
1080
3276
6699
51
5952
5616
6348
4896
6063
6450
4410
7980
2052
4464
48
522
5256
9675
8520
3240
2646
5850
420
3036
3690
1107
1830
6984
15000
1470
2451
912
2142
360
6480
7770
11421
135
5796
7728
7350
348
12450
225
390
4059
8250
153
4218
900
4950
4176
198
1860
5742
3744
897
1911
1380
5115
1680
2109
513
5859
2520
462
48
1518
7800
5796
5202
4212
7659
11931
366
5160
2394
9963
2673
2580
1725
14259
10560
2457
6975
4002
4446
4140
2976
6942
5280
5670
3933
4872
3306
1350
2652
1122
4620
2592
828
7866
1134
10947
1365
2475
102
315
2088
54
3525
1260
3519
4758
7473
3510
6204
9855
11997
3861
7476
4410
6942
4455
2520
4950
3384
594
11985
3861
705
4884
957
1230
1728
7140
2046
6888
2580
2847
4560
5307
12282
5850
2511
2550
3888
5406
2088
4221
5115
1380
8094
924
975
6300
12096
11868
2277
2916
126
11907
1767
10626
2499
1734
7695
1491
8778
7182
2325
2646
1530
4794
6480
2184
345
3078
7920
2226
1800
7560
3168
378
4050
171
3780
3528
3825
4455
3393
4590
1092
4440
6909
7038
7038
6321
5301
660
918
4914
1464
4020
117
4704
10080
4623
7503
5625
60
4824
5325
3888
7290
1827
2700
5775
792
216
9954
7209
9504
3105
567
9405
2376
288
2520
1596
9576
10836
6351
7320
1482
6156
4959
3612
2700
2376
4263
1551
5742
2871
9486
135
5280
2583
6552
11400
432
4968
315
720
4002
1440
294
9447
3240
5130
1035
1908
11610
2829
5796
432
3168
10656
4071
621
1053
5250
972
7548
7371
5088
969
135
756
2967
5922
165
3510
252
1638
1269
1740
3402
429
1173
2976
5760
1050
6237
6882
4263
6177
2142
6027
11100
3528
1716
8649
1404
8778
2193
2871
2907
1380
207
13524
3504
69
6396
4422
372
4500
1764
549
900
6240
4485
2928
2736
9660
1458
780
2040
7560
3933
12144
4071
1914
4128
1620
1188
7200
147
495
3465
2793
4752
6132
12144
4788
1260
5460
2625
30
1530
3564
2064
4704
1026
5952
5676
126
6006
675
2166
3942
1581
6270
1620
7956
360
8094
7425
5883
4998
8316
1701
846
4092
13671
10050
1848
5700
1092
10512
1320
3567
8496
11664
7128
2331
1116
1512
9021
6840
6534
972
4455
5304
1584
4512
1554
729
5049
2214
6972
360
