50844805514
392185452857
58264265985
215689836366
160003318107
72123710258
259995837762
331518938616
468373028728
370301381201
72327904753
55910174090
255405782280
271520564371
151459958530
70105267543
383095119089
10231586878
295131871056
621908303078
345376636657
40014618017
8874535730
34285760593
74062811209
48593430117
3493985097
495743718066
277438939947
154550300822
457192294213
55361837383
241365564429
81027040093
30283291555
314533714336
421845361136
470914737489
63071147763
48296412805
252990343001
301135893701
190912421855
413493340806
499754874875
13342011386
528924389480
90712255454
28312968781
86937568967
69557586965
40469478578
790712556467
279908251969
78723210825
230516533987
10330694522
263346112227
448330731774
477945914840
20683482622
55131799155
66987163402
207956940334
56821595750
61980674351
65614930985
45069934003
966797421873
155436311097
143969176885
250605153180
96750482870
168873222832
73339788723
356414669574
385766468361
68828407347
5950278258
6438255980
57027730307
193130335994
397121572026
336949944580
211238398686
462452583962
519016284631
144117178848
34788775027
119678969735
148523827964
31442187922
122978237141
394230972414
19145552816
222218253961
398286303030
47752674670
24913025639
108618142585
343808735213
610250624955
279835832132
236319678484
192997073203
17769725584
368411138263
26881948973
555444050392
70602712513
422360478369
246672890084
324953288827
9783882834
8582909009
65348070891
168195191747
503673434220
33163308413
154953649483
6640691872
369525492012
238086285
269933046641
16213269610
755942209300
22621342433
145645362656
52048266404
345580461295
65850420207
103171889076
431107770782
159745974674
34963060464
420293447983
32777124629
4679384510
177109395511
1767989909
23426028704
96681273188
564795024313
259335420061
76693118292
121296264898
266859492546
90215556001
3496860767
110959334998
30570192190
109969568879
268973802588
239323777790
2129624081
129022256529
36149543182
81172769275
205452492235
28187703353
257739588319
252553554958
544020832053
566401773734
50232154481
470774505755
412353681468
450451011143
210937948823
242373887345
14059281340
633130741801
292543042431
140565643702
246270423388
666539389116
476079312531
399175682901
17553349380
1718175632
89075772052
164750784222
308960192513
633228025385
264097375011
595684777639
219189252398
787307328147
48069812262
215741613511
23027371507
306039583248
303219854392
29473025361
94206787825
240068480857
169513085303
346181536934
39249052453
96369393579
139953138673
304659540650
68340051731
836523925305
187556511536
520795555752
499095341128
61022924987
37089735749
480901723209
17516328357
508315648102
3586671844
290432942511
297355300853
492964072061
30496923363
138454355869
155247138732
95273106216
478422224796
189700152160
65139894913
126473126645
106254868995
755096223591
110990334862
73540639079
196392182294
193627680397
20571761093
24615867356
571118683144
5721571886
225935826
133871508463
218841659523
351982325104
15492013925
56251641332
92012569227
71168316935
545092226793
45622395002
149335014332
447442134461
30819055731
261285379906
218076736250
18771697155
36520965315
61941063246
148444065238
283570349664
59998931062
117643545654
225324263809
378245692515
426295575072
273589948593
521551002714
26195824060
441177454183
219367842063
29340349720
629825335814
126027157847
96584518152
331556224857
660431644495
161279439798
119458215587
14076794751
253146362009
26678250477
325166305917
224578927465
512913594640
51532379865
686550186589
426493886101
554155037898
179906020987
198069547593
10994631623
103687504248
311480093838
348019337061
33509417858
77258420069
195541370829
29035293570
287973259927
613724359113
152988793683
205470380566
163346389244
543952352733
418478068305
42020910298
27625340745
83098447885
132640980688
788858975131
380071416206
37576135872
300376133457
141072178359
361273018203
53407899123
279675473716
38468291013
38353937558
21541921143
304033711987
25604534667
413028322159
30440636979
217829076262
211543952669
314402197463
103951788105
82317791727
52463019225
607699768967
380289075150
136737022497
352218995334
42781498373
183012461113
455253116547
464940886783
117118251738
235070720121
427252693593
41265333014
978669137588
3792939854
34463922640
83231922303
133234277986
30092477686
83899164704
17990402075
155113714304
272130010
221959628845
132521723440
267587646563
61095309608
141934240984
464703106715
60647148503
114071683025
18183964569
28141230315
89798805664
359132154332
103128386279
67914181051
168487098489
884512718467
165551611061
262743626959
121064593707
991608551
9951307748
112273492776
181249164252
188908543023
53707041092
104148231849
845864158156
2745882596
11344897495
13455186901
718171045447
309332018352
80308313615
285206620257
78107561210
474888473891
483730045341
414355131609
108557525198
29295817778
222368013521
736110892619
165062356051
70457968323
192159629955
645579746468
86251022328
291063123803
103399852121
151561966675
88436852380
418912992620
249161951149
52138249126
14591593611
41701390319
93053341767
5548575485
56697929792
819332734373
2727779799
417284741055
103116732463
18228829145
382660806554
183684502805
121303165274
34933895758
513607924294
454173754560
63252010801
377602274813
124505356580
4888674748
75154937609
304289432258
17547879661
475014651441
133967649083
258505086585
399756700265
49837097674
13754172913
410826674343
81039116808
544226788680
186526220660
559346071439
410703901928
601482998215
171495145925
141671497848
441508913960
121003174492
102746577699
150159450455
510165477338
80737488909
94338776348
152266940696
245655471412
674654968691
199423979887
178258878778
7724603380
102384553306
343867399589
460260163884
312413819127
268476985444
388015602470
256421236728
403317869778
58733771398
576229150072
815957014575
324848245955
13453557470
311538326549
241689448
15467420649
80848434333
311811447976
13402662599
564734077518
23392944848
239658688387
111290706842
26152230867
218508028199
14270021254
23700199914
13423779017
216886842104
473688642874
534878069914
30090766831
96350374247
75590504377
162553454929
108928456367
187621404445
14546805397
300056983945
216040148497
42053124282
44571016085
83692485675
93586188325
686432408050
51321567260
463767901470
71937619734
90183833743
36209032354
334604238625
36290191632
20467953327
186737005318
182452484730
370650518934
223354486986
135076725997
223896214618
2219766253
534129111428
267576785033
365403600863
46725672148
238923673999
153356805045
154587835031
272852107773
30001542660
103196151858
154240364405
194893135081
60471808199
99917348227
395634081905
475807059933
40645158215
505348207206
467875994801
635991323216
427764576693
29863239688
80618461955
484075959074
141545501278
11845503479
206556202505
45392958993
87045932251
260245245207
250398189126
36950460795
292880699273
38907539400
249042139888
17164847437
506502113315
198197714650
19178797451
230138338517
609052326722
753767253899
324790219995
76192297870
545391015
267058636989
55861610927
147387224327
849245807412
191528662540
389388425347
83305477706
9829773045
75803218224
8865030457
327584842693
104012678828
27525167825
301838798843
167897219988
2635507971
637786784448
14971979737
344839453571
60451084787
649978514527
37306196187
379974112447
108793337697
37750800160
126507206499
308606122315
14582592259
370747666751
43640127450
30609806533
47232623591
590243086668
188465149545
50333960711
530217927258
291568724925
295295219831
14587413705
88889782682
694076152552
332392658075
504935179743
178958639959
258311131841
28223470547
48260441181
37724175959
143458883606
179941445701
547907723783
528445397940
662145000685
59240852869
456006326619
571629539882
135050276415
103264256957
401484948473
30861756060
84512713907
3361953347
362442623270
530444908390
542295915921
303741037562
307918529819
241429758965
22559337780
4248478843
133091689274
349235035327
189308824730
131377027774
677660260969
360605331118
142462904772
9975747683
338077596397
97948934789
79931881042
41309158508
135991729749
153570377037
816338677490
730307957414
845489933675
52581466672
170770575643
89676374853
216633377804
459074069921
20277970842
274174072310
15991721371
43172377124
91243040606
229031173934
233392619667
401867890350
422573481731
448372542965
152076187138
693499382364
72865972148
104815112410
173173888348
23930892025
202912027554
624284497299
5344797968
915166263645
433746186752
868293526215
146527111476
71441781170
316515392169
12031822808
547377678521
272399927207
310979548382
120634265637
230174999679
451731351916
287390286636
43314892805
336542156212
199883408722
26693958358
46418923338
415568185913
136400658930
196335547079
1302443773
338661681750
200659887058
627245386401
117549619318
246851970550
196869524574
292485799049
554571005448
461250900870
122382308577
849817214074
67454853701
265878359768
27598103325
25854846905
428113496384
494536660858
60172696547
90396191301
52039396433
417775211644
243338905901
4507840577
490299703736
138760683553
681411117558
72791254179
133790641649
23016114418
3877421673
255714702089
745626876561
804354016436
137225995403
44848942213
115722701050
186526360317
204427922542
31358308966
38203007282
3840074483
401667751296
325968125389
536201658367
89694961795
42223921971
169401816591
5157098344
274345885254
25992227631
226464745230
487763662601
217612368232
56464330040
496001611021
82070061673
144299321437
91196009020
374941291192
172808399177
15583805568
263201004779
78460328173
784959466247
131020561709
41112112287
490093991526
397215038180
83773979442
169563255145
52076934120
716937948
68364494344
637869494969
836272736736
21145077694
1582375269
16804736237
52640065222
26176533097
333671782297
132094521562
201347613911
21059327625
50411922401
395791780263
268956498069
24773067047
104980038062
107345305154
66990808252
265671577107
3905027874
213476505293
12915781536
270950170999
97964749961
252393855383
183169580333
287197296376
318009284773
40613492439
196533137690
6371847075
753275663878
141561702598
270114725747
199365167772
88679143699
285477542295
42829808641
543478701620
656572526548
316463680275
339791505309
54251931898
395232570531
560447166383
140451731549
96679644478
266815033254
334745515184
94911310714
720702338729
124656055868
42436671156
272933534781
118541859551
140625970728
272238953801
23802923472
44774424365
549138040420
155222688503
762470633236
576902075128
141528261264
66468636902
151818530329
129262146103
202523990308
256657203415
311623573303
95462587842
238664873693
39877681678
158884016607
3232457947
443496313383
347368125141
531502228146
11000275150
257384410979
11805474676
290014998704
118307809265
271232153815
227274283763
13313338853
491822350122
162934974746
311071560112
591978190566
75117762071
530203054336
196843850606
48094724329
313947650484
96223616605
740474075797
11090567442
502397343397
3053271199
6749862186
39469265764
172553776863
228309532431
63487544
218380441794
194616474985
51318211026
166149951027
62416588987
194297091978
410841189681
32416842102
471120025955
75931500795
47412767470
48188817997
221735489873
105309984158
773430838648
184934594231
67821656474
34601202937
162496586615
125157294469
102600277359
323724453898
291080042517
188185456025
331511911
69699888895
87456208214
238860286596
309447502241
427418061389
41272478227
176726786103
65341879850
160196444696
81623000917
320131559102
35113450742
460641690111
310864440522
80274893942
102093517846
591992415856
493473561845
177044907
673240149717
553601810751
4570097779
253028583520
278270684481
315164315021
67901602973
89911113897
458415873663
699438054577
296442436565
494935527047
423301081790
21377965782
164340973258
18934491188
845739639239
68147795889
658619612504
568727960561
259435241647
374413012410
38716937406
315789961305
133972947760
601630921220
148633813794
160041577118
4796767425
641733160955
511682064737
226029426358
148594138560
434316653200
100982641269
544508210834
111382194803
921473792814
420139218889
386734571112
95932788984
498641652758
86091291941
55758484860
190780334383
43353580727
276105754716
118970442412
97664285633
7201053607
5062832514
12761710342
68092716433
89399498860
9458053803
104636170362
632735357057
648392027223
798152088210
314416735117
283513521685
205515398320
55672628984
102305188174
26910521667
322435135279
451423461421
563165706104
106093004504
212687624699
744904433806
308096856938
15558139516
329886798167
17156052845
39060436839
313986543151
48235794160
221955345506
562908947741
96968863015
363317051939
85331510123
737350277727
393980960414
354124070535
420304286377
173258655698
298624823279
146181054556
186257791945
162612073706
298263769748
22152635991
33265656202
164377835059
30925065727
143858608495
21756169473
323178211853
392160420789
161770537674
173098456936
92493781615
227732804319
546688237684
102581874001
40459262444
220626003509
254439290265
9061973076
254001446929
99229434469
103513501387
75202552991
288355329201
186823176744
252921487975
184369225568
34757261557
858692301160
65392860486
254727397501
313098838892
502712684529
109019895589
70696794
162872229983
71483411770
24126035678
94188092378
42461290908
450629099387
169589443775
476707980395
117865729128
264966063533
40198308991
614766492200
256926188849
33194690078
82674837879
251230286691
44222472547
103175421355
438379495951
513906306429
288451567098
10879602853
308876322273
385670078887
417395320509
22293086749
8902648941
193558826686
108579716428
345355015901
724589592871
29563535838
56056445444
12396945833
265943043830
390751479485
136428093880
542845830263
627381435958
341552397055
109531475279
333496775568
94978270908
310912437426
599316091650
188332043273
89436546501
227036999826
144862245569
674149573920
140348789589
90731778210
113108555083
66056631898
269482563827
404578716695
642607753238
734951485073
468796503638
72061801029
352284563465
51740624419
190995363750
39780720241
240060446675
107619238024
12857350017
749470846102
194908927705
492410608405
67681569377
602509034359
56518269844
401331589319
317290567001
709875668400
92818404347
77699119124
131068283749
802979073047
226344638894
21424174033
238182879472
292918493103
13678209014
277602636575
49614814409
412525255487
45878735978
200402683271
156198990435
65581962627
302064624487
141518167488
21852277421
9442748897
465825786577
233508777583
146001883211
532388362179
28322301881
60684321295
284817444312
362848016239
50204809178
615555100372
284467674324
9023751155
94294396930
458916691028
59846311241
707786912942
375828103741
4205752157
255799727755
58575190335
468259831204
229762799604
296468674718
45343148104
5137787723
500272479575
107844142036
354644955400
7008936562
158368124547
26633760841
431845443764
824466413797
31926281224
46700238632
102598610063
185447051062
75323910067
360009657094
35461628466
196091453175
110043802183
198349760919
440691787484
39246627057
47033530024
583899522840
440244551391
352894836507
7768934949
299789502178
508120714103
216468903387
336395141288
168989921066
258252198064
23770305144
20245824274
761870593464
40945843608
139090748627
488925467899
468911395739
274220079945
243606864944
23789432884
463478944965
118595155823
256451477422
35497377896
22310531908
454639118649
391186279197
29587504918
215661721691
544562627667
522132244715
194497740354
31952564200
506896011475
32915620577
415488760182
35758494339
281642035043
312520559143
13605469102
773889161458
762919607262
509272507461
305091429944
415474784606
357806449486
266345632958
291827465981
70273484235
105236915393
51578951598
7704597922
513971835080
100252106956
91628927223
81030982389
87510227338
300064195815
216397113920
177410269235
7327598338
880151710427
534278119970
2341075655
958127024
151956386263
215329450731
99214482058
541413130899
158988444129
562769588069
202545872521
94818532311
262950562488
310072717410
446705508513
119589587537
262960740366
357957976895
205099908743
30538162950
8464129181
515679843170
140008980901
57014366763
379245802103
181141377091
413803878347
117606910898
98361527216
47762623920
13073421394
114840321685
23677398721
759404817456
735290073521
536508188069
51510126197
712605960727
331602342135
328460354134
44382287957
498539853373
170200800626
286985764873
137172484617
211184990781
267707612325
139689600108
73752936256
278067394326
7693996418
91553543098
148161579251
38109988756
251409937297
183426243771
10447279859
186008329491
445337204229
261723959799
178109128813
43285101276
395393068098
214162680003
25785067501
312327433769
100982823336
757982987617
216874087082
235451453999
404237790895
138907160648
42770040968
477669955120
121956768415
288613454754
29585842586
18137404764
803247687749
135022713548
831542794606
367585885486
366734351271
171802524183
228408320025
46538777816
960181261185
78228326020
80485387576
97797587494
14206979711
7740029345
328769599749
82670342383
919734848258
75327496752
83585344381
12709175162
128889052683
67828060947
20151061132
59044494486
467236999756
76040627190
162857801638
241331580872
105134034103
555020074182
526782936430
43043054978
17492566336
154975279925
30998319819
724856587825
150065612941
148208799500
180688422417
156198287523
871296487923
238738501940
381057212324
343379308299
798380063903
201277771284
54034034835
141713526747
583417663538
117880118980
52369767296
274318223307
350992968692
79408386475
122753062727
49012601462
44093552319
395106785470
220035806580
98063041463
25071718597
90157910750
568486183324
171016031398
31528206925
205977553842
15691808234
4422829764
404907722586
176239858965
233720206228
24969487395
8621017949
1084623517
36139906081
410224384630
321450866499
144192052042
49262795724
25427043
344764567780
791219749833
6083351570
379738920393
668150468002
13320662281
61470404816
469522937
1934978889
242275538396
30159902147
161334350175
520310815306
644380814611
65679809054
190948376068
71353842788
102514322121
160859601284
113690273653
908715953189
44578912992
53000520441
703364481133
82122556108
383219424170
170532994562
472712092657
806669958965
51352166126
659596883592
143242877761
11558542756
6140890509
282869494181
321408011033
58289841255
65811460587
217332390534
198820008804
170448368488
60822750905
237362261157
454121767213
250187311082
186902957164
440092165396
466694512269
328780507879
562824913716
199025315777
108138423329
257869703075
195188197850
857981049549
569692420529
305903237291
265627489746
258508218744
2041612696
187528530888
14203155333
54700792140
244401885383
145308505540
437569620557
240047356367
375254252673
635630795035
367124392045
233369212285
3427694316
663079738536
34010593231
64417809012
11701764548
156284203795
615190954289
130817872639
289863499946
260331689515
51453494735
137970981964
9074861251
19201110850
632941779179
177034096401
77085998136
231963008122
293587808705
544093089600
171726751023
31897297936
58577991225
345824472648
242475134367
188609640595
445071825550
595099964270
520715864592
499361136623
111767969186
315494014513
101803329350
985921319639
234071590632
46558234939
8713826125
42172829432
77601446914
152587803026
261129459063
28040951687
673852846709
526121086429
630710909151
9622477333
143168909699
79891246313
112080894829
2193505721
256916313236
386753305847
157995236026
309877261096
344483048550
412032515913
27849464634
235279403130
706473512769
49459464247
14503237549
231074355433
11282403741
41114700660
347840960351
152494628368
14177806598
45330185021
107896674967
84274245355
133986822658
237353446821
726173684792
369633764799
251024188211
5994432700
33171028023
356283173461
447029421089
158745916654
161143324330
339524096915
88051533292
635349997792
404843799385
435687217993
228445494550
236945571820
389869730068
26417183229
35818834545
770109109599
82763331127
326825752779
413519723777
41846702301
50430613192
25297755239
42654113395
450514327542
285525526109
954343790022
321173629184
352982125131
802998087054
10687932368
36202435535
174336607981
495807798493
11377841069
467791812981
141962488311
151354410724
2453114959
130187711968
5952539070
157026126448
63665099190
71226830859
10244670553
13650538603
894102392254
480342649498
174619053577
4024486332
415760463524
9765308997
337584500549
124006670372
64962610117
12372300811
8356532563
750770949554
22542904705
245876060536
129691788101
436619905569
215275834863
539723984465
141409249575
46476816356
522458554562
508672014085
64482057006
139712586800
79077063017
17230988521
758662223323
244944225660
540593804624
586530584327
50864935528
195639341672
21560139430
153523646433
56640782288
594780058777
16482620109
156787807349
302580640143
320727925409
259946402488
32471538784
204413654884
376672911546
166844164141
25547197883
79719208092
222167714329
975588997834
99319966234
99159376659
12747259955
390560791927
382180061990
43443376830
63551310953
300065058477
142279855660
114300473404
90536748713
120255379048
248736598298
352451945139
482015355756
182051958841
313018344094
401410075951
726066323398
260153076798
176639714670
780430154941
84038912397
742928112971
254738185631
113541644639
277510858758
78614174766
235986821489
4622004720
81022520725
334276757430
55044015565
94836066830
11103647548
5142386216
444538818107
466397407110
221776450589
13909390457
354415938189
396242045927
133238450699
647070366286
43520221401
493725051
269801006945
628705320547
290519543603
191276737394
502699561136
103876634233
64886065946
410265360132
419386650735
359188647728
71656003100
209900292317
4362401397
306381233972
660821985521
818128195649
56388254420
66830572793
740684354942
9141765322
264971118456
343895714553
89603628012
246315381373
409296482029
349991582148
596987163738
56411332372
336745435574
134100029548
57799169787
320395235370
334653152413
237431105854
272066271644
71333566663
452746737088
365541966475
7598033748
182975949742
332880584518
700251286876
16592628264
138365181463
9022889013
83877063000
701217163032
175513259747
7986680795
66032068739
297396421304
108065972291
166081251989
518203095583
114816434407
69274261592
111873042840
111945564567
377082460222
134457961297
88258008037
32691267964
83804778883
19810287350
386207817340
130552088957
390129198346
124889232301
339084072878
420968987186
155082594429
264779661621
367414860055
317789246803
452312188197
706535434894
156522185392
765116111275
453199904042
320249924295
442162051737
212392347619
96394192280
277118919648
99421863914
343596296247
336535947645
186815849793
14809784024
376332436452
487544762431
31672859250
49799669469
185698588987
216494411529
114291326329
863100194884
128963217921
104535648611
118688095840
249662527647
52761777891
374619213501
282101749736
577154879227
27961959649
21530643867
498887230288
856026546545
280977447009
547176998292
17100812616
405411630157
28629399741
10083408338
265022954589
11110745721
94287289535
145161125202
34348907083
26612094570
14962742605
20812568884
673490841352
354804813258
50725734292
64913787679
58852084001
76838082726
201032432190
86227720759
5855824480
29945622767
57801246357
39501047856
44396439635
68894905435
477136308571
44242516639
135958179061
46286103893
700507464069
346094492270
146062987797
362131797992
53083547524
188022870627
454873306618
19029990351
1408670675
98340066069
78664421901
110378771938
2294956336
404546914645
133330111498
860155142598
513875332593
228121923666
618090367951
237887527576
379557543305
334619624756
498025619033
127646080890
74417843163
316072866073
223267402075
126896952161
45295691076
5215372824
633115128195
806145121339
17562105296
806495700774
830124108940
528875894468
87333106844
208084465051
77847133878
102732833256
42034060513
428985634336
591749628311
31557819711
419466274008
29892818805
188903742829
548948970305
309440295620
313042183238
735146736515
14065745428
389797604041
769076671862
18502040266
102423344332
7973572146
657012660704
115970578809
415733839573
22814003005
488614245619
128092035278
77532145932
81518226611
386110904979
16134030738
108602464218
101998879513
178334716437
27732458223
374433618630
44225449242
8848906478
452611971386
72187866415
402195015761
4355125061
857835030286
51637675094
263962639261
202037183654
148659391823
249682417098
15307489086
36659999335
71090448800
140973394948
96589818784
8474081160
103742267439
457984554742
392317011896
10390742509
21743858300
392796321368
221029711962
3955733685
224748226532
526718391962
65619299386
612401076695
67028098301
3661735596
81556336070
202062248819
94590984350
18508673013
317674576220
267610183630
173328307169
151678226080
118429131508
127659376295
266728599440
38619615457
36125381972
182724638332
397592229412
87029784413
64250539471
202499059537
22251622263
256698290613
226279662715
24015514995
197493933287
353540712595
296706055279
411317214142
368312887972
334279454375
5941002667
445206955540
355953944575
103149125566
29790538604
464748908034
555754466280
146949802059
368089358946
362830335201
17924473435
300626000
432959200457
240366873010
405712854459
412454250957
33010025308
53150424229
180822668178
86957931141
139154363037
478996369909
7254260967
140014596228
343259204827
479532967133
229800253851
293492692166
415100383114
168344748656
610463578303
193999860279
80404776717
188365292771
424039951935
158398931659
9149846239
169462528509
61926624660
2993781448
