001135555566667789
001122334555667889
022223334678889999
000222455666777788
0001112244445689
011112223456788999
00122335566889999
002224444556666889
122333344555577889
012344445566788999
011123345566677789
0111133344467777889
122333456677788899
000112222247788899
0111122356666799
013345556788888899
002255556677788899
11122334555778999
0000222333444666789
000012333555555677
0001112233444556679
01333355667778899
0112223455677778899
223345667777788889
013455566666677899
000033445666677788
00000113355678999
000011233345566999
00022345556678899
023345556677788899
011233345677777888
001233455666777889
11456666777889999
001112233345566699
011122234444567789
11112344556667799
0112444555666779999
001223345567788899
01122223445556789
12234444556788999
00111223344568999
00011222334568888
112223444556678899
012334466777778999
0012222334466666999
112334555666677999
000111345666677788
000111122344457899
1222223334455689
0001112222345566779
0112233455567888899
002233344445668899
011124455557788999
001123344456678999
011112223356678999
011222334556777888
011112223335566779
0001222334445688999
0023444456666799
001122444556688899
000112223556678999
00000133345567778
123444455677889999
0000111223455666789
001112235666777999
002333445556688889
011111223334566678
01112345555688999
002222566777789999
00022333556677799
012334456666668889
011224455555689999
22222245666777789
02233446667899999
0001115555566677789
0111112244455667889
011123345566667799
122222333555677899
00001235557778889
011223344567778899
000111123446678889
011224444477899999
001113344677999
000111223346777889
000223455556777888
011222233344556669
00133444566777889
001114556667778999
112233344577899999
123345556677788889
000012344555566679
002233445555666679
222356666677789999
0112222355667888899
0122223333455667789
0000011233345556788
00133444566779999
013333345666779999
0113334567779999
000123444456668889
000123344445667899
001122333356666799
011111234455667888
012222345566678889
012234455666778999
001112244566778888
001111134455677889
011233344445567899
122234445556667789
012223333667799999
000001123356666789
0022344456678999
01223334445667788
000012455556677789
0001112344556678889
012444455667888999
0012222266678999999
02233344555666999
001112222456667789
001123334445556899
122444555677778889
00001222233359999
11223333555566889
022234555677777999
0123444567788999
011222334457777899
011123333444455578
001123445566779999
011123455566678999
000112223445677779
00022233346688889
001233444455566677
000112223355678899
0111122333455667789
123334556667888889
000112223556788899
001222233466667789
011122233344455677
122233344556788899
01112444567888889
00011222344566789
0011111124445777899
00011223555667889
011112244446688899
0011122333344577899
0000112223334455568
003345567888888999
022334555566788899
00011233445679999
001122233445677889
112222234446666679
000112334445678999
00022233345556789
000001122335889999
000033445677888999
001111234455677788
00123566677777788
0011122244445666789
000111334445566799
0112225555566777778
0001112333444488899
000233355556667778
0000011112223455699
011223444555566889
11122224455666889
01223445666678889
000223444455788889
000001122223355666
000223455666888999
001222223444566688
0111123456677788999
00012334577788889
011123455578888999
0111111334666788
233345556677789999
000012244566777889
0011123344566779
00111124455555589
0112224444445778888
01223344445566788
001113334445567889
0112223445567778899
122333466678888999
000001112445677999
011122244466777789
001122222335678888
000112444677778899
01222245566678889
000112233446678889
012223333566788999
0001122233445666669
0012223344566677889
000012223345569
011123333334555789
24446677888899999
000111123333568899
011124446677777899
023333455666777788
00112235666778888
0001112222455788999
000011222344568889
001112245666778889
112333466667888899
0012222333457888899
013334556777888999
122233455666777888
011122222233344589
000011234444567889
000112355566678899
12222333466678899
001112222344556799
00001112335567789
000112222334566679
0011222223335677799
011345666677777899
001122335566777788
012223333455566789
011123334455567789
12223355556667799
111223344444666799
000112222446667899
000012334555667889
001123334467799999
22444555666666899
111233444555668899
000111122333344557
223333344456778899
000022223334555688
001111222446666999
001222455667779999
0000011133345567888
111122334445556899
00012222255666789
000011222234445566
002223344455557799
00000011345567889
111122222334555789
112222233344566899
0011122333344566778
00122245567778889
02333334556888999
01111335557888899
123344456667888999
011223367778888899
01112222356779999
122222333445557899
000000011356688889
001122224555667778
011122344455566677
002222334445566788
011223334444667899
000111112333345566
001111222446666799
0000111245677999
001112444467778889
001222224556666779
000112223333466679
011112333345666778
0011123445666777889
001122445556678889
0112334555555577788
000011112334667779
0000000223355577789
001123335567777789
00000111234445899
222344455677777888
0001112234445567889
001122223455677778
11223344556777888
001112233345677899
0122244555557788899
0111224455678888
001122334455667779
001223444556778999
0112223344666677888
00012233445567789
0011222334566899
2223444556777899
000112223333466789
000000122235677788
0001122344466677889
001113335566778899
0011122233455789999
0022234455667899
01122444456777888
012333344555556799
013444555556688888
00112223344458888
0000011122345666779
001222444555567899
000112233356777889
00012344455667789
000112222344557799
0001123455566779
000000111224455888
011344566777789999
013444455556778999
0013333456677799999
0011122233457899
000112233456677778
0000123345556888889
011333345567777889
0012233444556778899
001122333455677779
00122233444555559
001122334455667999
011222334566788999
0111123445555677889
00011333555677799
001122246678888999
0022344555777789
000111222334558999
001122333444566889
00122555666777999
111122244455667899
002233345566669999
001233334455555679
0022345556679
01111134455677899
000113444557788999
001112333455678899
000002234445567779
001122344444478889
00011333446678899
0001333334445556888
001122233445566689
12233445566688999
0122345566777889
0001122223345566788
001123334456688999
000001123456667778
1233445667788899
01223334557788899
0012333445566789999
00001223555566779
0011222334445556689
002223445788888999
001122334556888889
011124566666799999
001112333567889
012222345566888899
000001233455678999
0001222344467778899
0013556667777899
0001133344556778889
0111122344556668899
11223344456778888
000001112335777889
011224555566678999
1111122223445566889
222334444555668999
0122334444555688899
111123444445567788
01111112356667999
000123344556667999
00133344556677899
1122223444556788899
000112244667788889
000012233336778999
000111233456667899
222444556667888889
1112233555677888999
000122555557778899
0012333345566677889
01111124445666789
01222333467888889
011122223344447799
022224456677788899
000012555566678999
011112334666778889
000113334556666899
000112234556779999
000011233566779999
222233344666678899
00012223344557889
00113455566778899
000344445556667788
0002222223566667778
011334444667788889
111344455667777788
12333455677788999
011244555666677889
000123334455667999
001122223344666789
2222445555666778899
12244566678999999
0001124445566778899
022223445567778888
112223456777788899
012233455667789999
0011122334556678
000112234556667789
00122334455788889
001111222666888899
001223334444566788
001222345566677899
0011112344555789
00011123333667999
00011123344677789
002222455667778999
011223344566678889
0000011122355666799
011122333366778889
001133445566677779
01245556677778889
00112224455667899
000134444455556789
001122345567888899
0001112333445557889
00112355556666778
012223356677778999
0000111223334557899
01111234444566699
011112445566677889
000013555566777789
000033333445566779
001123455568888899
001111123344468888
0112333344557788999
011222233445577789
011222234556677888
1222223344678899999
122233445555667789
001122334567778899
022335555566667889
002222344456668999
00112223445677799
01222234667777889
0112222234458888899
000012223456677789
00022223444556778
001123456677789999
1112223444455668888
0003444566778889
012223334455688889
0001112234566789999
001122233355566779
000111134444566788
001112233356667778
0001122233456777889
001123333446688899
0001122333333677799
00112244445677889
0002223345667889
111222233566677999
00344555667799999
011123334555668889
001111112225568999
012223444557788899
02334455555678999
000011234445555899
011223334577788899
000033445556788899
012333344446678889
0000011334445667889
011123333467777788
111122223356666789
0000113347788889
0022223344445679
122233334444555667
001112346888889
011112222255557899
000335556667778889
001123336666778889
0011233444456777899
0001222223334455779
111222333337788
0001122234555666789
000012344445559999
00122222445667789
001122234555558999
0001223344456777899
001224455556666777
0111222334466677779
000112244555566788
01334556667778889
000112233345568888
1234445567788899
01112334678888899
001112223333346679
000111122355566799
000124446678888999
0011124444556777788
0012244556667778889
0112223334457778889
000111233446677888
111111123445566679
001123334455666779
112344566666788899
2334455666888899
001122344555567778
001112223333466789
1111233344444777888
0122233333445677788
0111222333444445578
111222445555567899
0022233445777899999
000122244566666899
124466666788889999
011124566667789999
02223555667788999
000111122344568999
0122233444445566689
011112234667778889
001112345677788899
000222345567778899
00111244567888999
0000111222344666889
023444555556667899
0002222345556999
000123335557789999
002333567778888899
000111223344555789
0001224555666778899
1112223445666778888
000012224555677899
00001223334566678
0012333455688899
012333345555566679
00112233444568899
0111123455566668899
000113333444455667
011334445556788999
0001122233446778899
000222334455678999
011244466667777789
0000001111122357799
011222334444466899
00122344555689999
011112233334455889
000122333356677899
000112224445666777
000001122344566779
011222345666788999
001122244555566689
0111133446667778899
122234444455567889
011111244456777799
011123444445788899
001123344445777888
112245555677888889
011333455556667778
01113333445567899
000223334456667777
00122234455677888
0012224444566778889
123344566667778999
0001111233356677889
002334445678899999
1122235556666778999
0011111222234556669
1233345556677778889
0000222334445557889
001233334555567889
00012344567777899
0111223445557899
000113445566777789
0112446666677888899
0002234466677799
0000112445677779999
0111122333445667788
012223455555667789
011122345566677889
011233333445567799
001233445666788999
001234455666777888
0011112334555557999
001112235557778999
00122333445566999
123334455566677899
0001222344555667779
0012234445667888899
01223446666678899
022233444555567789
0122233344666777888
001122444445667899
001133334555667788
000344445556788889
011122346777888999
001122233344667788
1223333444555556679
00001223455557889
011123344566678888
01222445566888889
011111234444666778
00112224456888999
001123455567788899
00011222345555788
000011333444567889
001233455677778999
0022244555557777888
001222344455556699
0111134445667789
01222333444556799
111123444556688889
0113344446699999999
012233333445566678
0001112223333345677
0001113345566778889
011122223356777889
001111113445678889
000002233446778899
000344555667778889
001222333445568888
002223444555667788
011112456677788899
11223366677777889
0000112223344677799
0001111223456777889
000122233335589999
00001222346677899
001122233337788889
001112222233333678
011334556677888999
1122233333455558899
0011234556667778
112222344445566678
0012223455677888999
011112245557778889
0011234444467788899
112333456667789999
00111123333445689
00223335555666899
00002334455679999
001111333456888889
02455566667778889
000222334555678999
000222334455566889
0011122222335556778
002233445555556678
122333344556678899
0111122234456679
011223334455566999
000011233344456679
01123456677789999
0011122333444567899
001112333445666799
001122233444567789
01112244566677999
001122344455566788
00111123444458889
113334555666888999
011112223333556778
000000222333345999
0001134555666677889
112244456666778889
00111123345666789
0001111123345566689
002334455678888899
0000012223355566689
00011222466777999
0111111224567788899
0011122566677888899
0001234566666789999
001134455667788889
00111235555667889
00013345666788999
0011122234456678899
0001123333667777889
111222333444567888
000222223344567788
0001111223445588999
11112222444455889
00114456667788999
001123333455577889
000011112334556778
011122233444466669
001111233344677789
000122355667788999
1111223345566778899
011111244556779999
000244444555689999
022222444444567789
0012255556678899
00012235556678899
00111223344466899
00123555667788899
000011122233468899
001333444456688999
0011344566667788999
00002224567778889
02344566666666789
022223333344666789
00113445666778899
000144455567788999
001112223455677899
222344556666678889
003456666677888899
011113444555666899
011122344556667788
0112344566788899
01122226777788999
011133447788888889
12223333667777889
012222455555666889
0001122222333344688
00001222233444577
0011122335566777899
000011122334477789
012223444445678889
023556667778899999
022233344556666888
01133455555667999
00122344556667899
001111555566777999
01333334445778899
0000233456666778
001223334466788999
0012234466678889
011223455568999
00001222234456677
00122333444567788
000001222345566999
0000112223333468889
111124444566667788
00111223335777888
012334444556778999
001223455556888999
001222334555777778
0001123455555788888
001112224446667899
001111335555666789
02244566667778899
000011115555666699
000012246677788899
013344455556666999
0023455666778889
0001111444466688999
0000001224566677788
001122255778888899
011113334556667999
01223333455688899
0001112222344557999
000111223445667999
001223344455578899
0001122233344566799
00000233555666789
0001111123666667888
1122233334455566789
001122334444556667
123334556666677789
0001122334555566799
1122233444458889
0133455566667779999
001122333455566899
000112222234456668
012223333344455568
000122344445566789
000111244444777889
00012223345677999
00222224555677779
111222344477778899
0001123444555566789
00112244566779999
000012234444566799
00111245557888899
00122445566678889
011222444556777789
01122233344566799
00223444555578999
000122233445666689
0111222333555667889
000112244456777888
111222555566788889
000122334568899
000044444555668889
000111123345567889
000234444556777888
022233455667899999
12333345555567888
01111233334446999
0123334456667799
00001123456678889
000122334566899
011223334446688899
013334455556777889
0001111123346688999
12223444456678899
0000011222244567779
000023356666779999
000122334456678999
000112444568888889
112224556667778
011122222223466889
0000111134556678899
000122244566777889
001333455556688889
011122355566668899
001133445666778889
0012344555666677899
0112234444556667889
002223333444666799
00334455666677889
011111123444566788
000011122345566789
001223355577888899
011334445567777899
000011222224467889
001122344456677889
000111222336888999
001124444466678888
00111222234455688
001112245566788999
0122233444566777889
000111111222467799
001233344466778899
01111234456778889
0001112335567778999
0113444457788889
00001122245566789
001334555666777889
001122334444667799
0012445667788899
11112223346678889
0112233444566777899
011122444445678999
122223344455556679
123344455556668899
01112234567788899
001112333455578888
0012222233456677788
01222334455666799
01111223345666889
001222345666778889
0000011333556677888
001112233444555799
002333333455668899
112222344555666678
111235555556666799
1123446667789999
1112222234457788999
001111222334556678
00123334566677889
0011244445667888899
000112233445668999
001122223334455668
000000122335567999
0003345667777889
1111222456678899
001233345567789999
023344556777778899
0001133555666667789
0001223444556667899
012222344455588899
00333344566677789
000556677777888999
012233334566788899
000112334556666888
00111333456667778
0012222345556788889
112334555667778899
000233445556778889
000011113455566789
01244444556678889
001112334566788899
000011222345677899
011122345667788889
122225555678889999
00122334566667788
000134556666778999
022244556667778889
00001134556667777
0111234445667788899
0000112233334457899
11122233335667789
013333344455566899
011222344555568899
0000000111224566779
01122233456667888
13334666667777888
000012234666779999
011123344456677999
012333344445777888
0000114555778888999
011223345555677799
011234444566668899
1111133344667788899
002234467777888899
0011122223355577899
1111223445566688999
01112234556777899
0111223334457888999
011333335555789999
00011223456678999
01122333344567778
000233456666678889
001112222345556789
0224555667788999
01134444455678999
012223445677889
00112235567777999
01222333335677999
12223333556777779
0111222334556688899
000222344445789999
011113344456778899
001113344555666799
112223344555666789
000123334455566689
00001124455567889
001123455667788889
000122244445566799
000222233446667889
00011344677889999
1122333444667778999
012233344566677899
0122234456666667888
000000112356999
0000011123355556789
0023344445668888899
000112245667888889
011123344566677789
000123334556668899
0011111334445567788
001222234566778899
1112222233445667788
011222234445567889
01113444566688899
000233334444555567
001112334445558899
0001122333456677899
01112466666788899
0111122223444667899
011123344445566788
002224445556666779
0011122233355558899
2333334455666679
001112222334589999
1111114445555666889
000113666677788899
000111455667788999
0001111222244678889
1111223333455567788
001112244567888999
002334445666778889
001223444445566778
11223455556666789
00111234558889999
00003344455667999
011223444566778899
111233333677888899
01111223344567779
000011133347889999
000123456677788899
00003444456777889
0002235556667889
0002233455666668889
00112344444455589
011222334445667899
000111222222347899
012234444556777889
0133355556666777789
00111122233467999
00112344466678899
001222445566667799
012223344556667889
001112334455688888
001122334446667779
00001233334445688
0112445667777888889
011112445667777889
001223444445589999
001123334455566889
122233336666788888
0011233334445556899
0011122233445556788
1112222333555688899
0001111222234678999
122223344555556778
0011122245566677778
000123334455566799
0011222223345677889
000111222222344689
011234455566778889
0000111222445788999
1112344455555556677
001112235556777788
00111334445566789
000011112344456889
0002234455677999
00112345666667779
012222334666899999
002233456666778899
0002233445566668
001122234445668999
011223344456668899
111123333344555799
111122234445667899
112233444456666789
000122224455555669
023334446667778899
001112344556788899
011112233345577789
01112223333446788
012222234557777899
0001122223334568999
0000011133347889999
02333444578888889
0011112334667888899
0122334455566777889
112224555677888899
0012344556777888
011112344466777899
0011222333456666799
00123334445566689
01122344455667889
0011122355666788899
0001113344566688899
011233333455567778
000111222344466899
02223445556678889
00122334455677779
012333444556779999
0003345555788999
000012244466889999
12234445566688899
001123344567899999
0001222333344448899
0000011223344567888
12233455566788999
011112244557778899
11233455667788888
00112223444578999
000122233355577789
02333444556688899
024445555667778899
001223445666888999
00022344455556789
001111355666777889
012234556677789999
000001122355677888
001122356677788999
001333344555556799
00112334455777899
0000233455666689
002224466677788999
001111123346777778
00012333344556789
000012234455678899
01112223344445669
000112334567778999
000023455666677789
000012234566777778
0000112344567778899
00112344456777789
112223335566667789
111112245668889999
0000012333455666889
000114455666679999
0011222334444678999
000012233444557888
002233334455666789
1112334445677799
0111222334444667789
112333334478888899
000023444455667888
012223345566667888
0003334455667799
000011122233567888
001122223445567789
000111224556788889
000001245577888899
00112244466777899
00111222445557888
0112222234445577888
0111122355556777799
000000123344566889
0001122333334566789
0122223334455557899
00000112234455899
1223444444555677889
0001122444555588999
001111123345588999
012223344445566678
1112222344556678
011234445666666888
011222334445578899
0013344467777788899
0000222234566668899
00223344677889999
002224444446667889
00011344456667889
000002223566778889
012223344555666999
0111222233344567789
12233444444557788
000111122333566789
001112224467888999
0011122334566678
11222223446677788
0024455577778888
01111222235668899
000113345666788899
012222445566667779
01222333445577889
0111233334556778899
00011233455788889
011233445568999999
12445556788899999
000233444445578889
1112444455556677899
0001112344455667788
001112233444557789
0001122223334466789
01233446667778889
1122233444555567899
0000123344466678999
000014466677788899
000011133455677899
000012234455566667
01112244556667778
000112333445668999
001222455556677889
01223556778888899
112333466667778889
00011222244566789
011223334445667888
112233344566888899
111222345556777889
001333355556678999
000112344566677899
00122334455678889
000111122233566779
0001122345566678899
0111224444556678899
0012333445555567789
011123445666666789
01113456666778899
011223556888899999
00122334555666889
0222222445667888999
0012224444456668889
001111223456677899
00123334556666889
0011112334456677999
000112344566778999
011123344444667778
124445566667788899
11122344667788999
001223334557889999
000111444555666777
000111344556688899
11234445666788889
000011344555667889
001122335567799999
011112222566677889
113444455566678999
0000001224444577899
0111333444444556899
00122333677778899
111122234457788889
000122233444556778
002223345556666668
00122233345556679
0002222333356788999
122344444677888899
1122344445556667789
112233445666677888
011111223344677889
000011234456666799
123444666666778899
00111223344566788
1111222233344567889
00001134555778899
00233444445566889
001112345556788999
000033345788889999
001112244455556999
0012222334555556678
000111224445556677
111233333444556679
00012445666888999
000013455666788999
111234445555568889
001122233556888999
011133333456666889
001112333344445789
0233344555556788
0001122223355666789
0022222333557789
00011122345566678
001344456667788888
0011111225555666889
0112222334466677889
001123334466778899
0000122234455667
00011111234566689
001111334455567779
012333333355788999
0012223334555788889
011111112234566777
1122335666778999
0112234444566667889
0122456778999999
000112333444666677
00011234566888899
011112344467778899
0011123345688889999
11223345577789999
011113344555567899
11111135567788999
000122333344578888
0011122224457778
1223445567777889
00122355677788899
01222234566677789
01112344556678889
11233344556777788
11122336677999999
000001222244556789
000013466777888889
002233555567899
01223445566667789
011233344456778888
001122333344446678
000111223457777888
012233344556888999
01113445556677899
0011223333456788
0133455666667899
00011134466667999
011122233445789999
0112223334668899
112222333556677899
0011112222335668899
0011112244445588899
000011123556667779
0011113345577889
01111244445677799
001333456667888999
0001222444466788899
1122222355667788899
000112223444557779
000122333456677779
000111334444556679
0111222334666678999
0112344556666677789
001112222334445569
0012333445588999
000111222456777889
01112355556666888
112234445556666678
112345566778889999
0000011125555678899
022222234556679999
011123344577889999
112233555677777889
011122245556789999
0011234444455668889
12345555567888999
001122234556778889
011222244556677789
0111144444555577788
001113333556677789
011223444456677889
001112334666677799
000111123445556799
0111111333345567789
001122334477899
011122234455666788
13333446667779999
01112344556778999
11355666677777899
000111233466678999
0001123333445567889
01223445556667889
000113345556668889
1111344555567777799
012333444555666779
000123334445567789
022334555677788999
000122355666678889
011222233445567778
02222234566777899
0011222333556667779
0022444556788899
33333444445677899
0001111333455566889
012223445567788899
000111246778889999
011112345567788889
011222334455677789
0011112444557778999
0011122223466678888
002334556667788999
0112222233455567899
012233466677888999
001122233355677799
001111122467778899
000112236666677778
0011124455677888999
0111133344566678899
001111155577788899
000112233333478899
122233345566778899
0000112234455677889
12233566667888999
0011122455556777899
122444455666778889
000012444445677789
00011123444666789
0011234566667777999
011235555566688899
000233344566777899
113334555556778889
000112223445899999
0001333334456677899
222333344455677888
122233355677888999
001135556777778899
0011112223334456778
122224566667777899
001123346666779
000012222223467789
113344445666888899
011134445566788999
00001233333668889
0001123455667788999
001144556677899999
000022455666778899
012222334556666779
000011123345666889
0111223333334567889
022334445667789999
001111224455678889
011122233455555667
001122345566777889
00000234455777889
111233445566777889
11123333445667899
0011223444456678999
000233456677788999
011112234455578899
001222334455777899
01134455556666789
0001112233455666789
0022233444555888999
001111233444557788
011122233356777889
012223444556788899
011233344555568999
1122223556667777789
001223345688999999
001124444688999
0001223444555777899
00011224466777889
00122223446677899
00012223335566788
001222244456677778
123334566777888999
00122235567788889
001222666788888999
012244456668888899
001223333466688899
0011233345666667889
011222233334578999
00111222333456789
0111222223337888
0000123455556667899
011222345556678999
1222344466677788889
001113346666667789
000012222245566899
001112344666668999
001122244457777899
00001333455566688
000344445667788889
00122444566777899
011223344466778899
01111223344667889
122244444567778999
011122234455678899
0002233445556666789
112224446677888889
000022455667777889
000112234455558999
0012223445555677788
00112445577888999
011233334555677899
001223344556677788
0001112223347799999
001222335566777889
00222333445577889
00011234455667778
0002222333445577999
0001233345556789999
111333344555666889
0000112233445668899
0000011111123567779
000011135556788889
223344455566666788
012234555577779999
01133344566667899
223444555577889999
011113455566677899
011111123456666888
011112244566666799
022223344566667889
00011334566679999
0000011134456779999
011112344456666789
0111223455566666679
00112223445566778
002222355556678889
011123344556688899
011233344555666799
0000011122233457899
00133445555788889
000001122445677889
011233344445666667
01234455667778999
000112223344555689
00011244566888889
0000112334666889999
01233445555689999
011112245666788999
0034556666688888
001223566788999999
000122233455577789
122333444445566788
01133444445666699
011112445666777899
000011344566788889
012234445567788999
012244444566788999
001224445577788999
011123333466788899
011122334555566779
0001122234556667899
001355666667888899
001111122235666788
000122245566788889
011123344556666799
011122344578889999
000012335666677889
000013345678899
000000122233667889
011223344455566777
01122333556779999
22233344555578899
000000112223368899
012233334577778889
01234455555677778
122333456666778899
01112344566667899
001113334455555678
00022335577777899
00012333446688999
01112222345566779
011234555667788999
00011235666777899
000123335566788888
000122233444566777
000234445556889999
001112445666778899
000123444667788889
111223344566666799
000011222233467888
01224444467777889
01222333355566789
000112333356667888
0011222333456788899
022222333444557789
113444455666778999
001112244445588999
0111122344566899999
001112444555667999
011222344555566678
012445556666778899
001122234457888899
0001122236677888999
012233566677778899
000122233345567788
001122455555667999
111123344555556678
0000112333455566889
0000111112356677799
0000023444466778899
001111134555777788
111122445667788999
11111112333566779
0000113455667777889
000133444677788889
022233333444456679
01123566778888899
112334444666678889
000112444578888999
0001111223466777899
0001122333346788899
0002333444558889
0011112222455677889
00023345666666788
0001134446668899
000011224456666788
0122223444455568
0000112244555788888
000233566778888899
000122245556677788
00122244456777899
000113334444567789
0011222334455589999
0122222233345567
011122234456678899
0013333344456666789
122223344455788899
0113344445566678888
001123344466678899
001224455556777999
001244455577789999
000234444555666789
111122334556678899
01111113444666788
000011223355566888
0000234455667889
0044566777889999
0011222344445788889
01222334566678899
111112223444678889
01112222445567999
1222334455666777899
00011224555577789
0000112235567788899
0001112233455678999
001122222244457779
012222223345667899
012234666666778899
00122244566777889
01112222344567788
001123334556677889
012344566777778889
0011122344455577789
011122223355667888
111222224455677789
11444445566667789
00122334455556677
00111233556677889
000112222445566778
000033556666777889
233334445555678899
0011223346788999
01111233345577779
000013344555667899
00000113456778999
011223334466677889
0012222333556779
01122345666677799
01122233444677899
222222344455667889
000122222245888899
001223345777888889
01222224445567899
001122334446677889
000122233344467889
011222334477788999
000023334445667889
001223344446677788
0001113455566677889
000011122334557779
001222234555555678
0001122233457788889
0011112222356678889
001123345777888999
001112233334557899
002223334555567788
000011333335556799
011223334445556689
023333445666788999
011224556677788999
000011556666689999
0011234666778899
11122345777788999
000011112344566899
00002334456678999
000112224466788999
01133345556677889
001123333444456778
0000111112444666678
1112223444788889999
000111122223445669
11234555556678889
0001122333345567889
00111246667799
000111123445567899
001112233335688999
1113334444555667889
000122222444678889
01345566677788899
001223334457778889
01244456668889999
0000112222256668889
01122466667899999
000133334445557889
01122233445566778
0011122334467777999
01223355555667779
00001112344566789
001222333355566789
011334444556778889
00011222346667889
00112234456677888
000122235556667789
011234455777788889
113344555566666779
001224445555567899
022333334444567779
001223445667778899
123445555666677789
01111222333356777
01222235557788999
000011124577889999
001122333345577899
000001225667788899
01111334445566789
001123456777889999
000012234556678899
01111224444588999
0011223333444556699
000111222335556789
000122444456888889
011223334666777788
000000112234556667
01112335556666889
001223333456788
000222344677788899
0112334444557788999
011223344445577899
00011333345555677
012222445567778889
000111222255777789
012233344445566779
011333444566677899
0122233333334466789
0011223333666677799
0011133444478899
000112334456667789
000012234455677778
000113345577788889
00111222244446699
122224456677778999
0111222335556778888
00112223456778899
001223345556688899
0011111335556778889
022233444566777889
001134555666677779
011112333344566788
02234555566667899
00012222456777899
00011223345666789
000012223335566778
011122333444788899
0000234456677889999
001122455666678899
011334445556677899
000123366677778999
001112235566788899
000122345667778889
111123333455566788
2234444566677888
022344445677888899
011222333455567789
002222223345677889
0011223344455668889
000111334455566999
011223456677778888
112233555666888999
0001122223445577789
011134566677888899
1112224455566677899
123344455666667888
023333344566778889
01123344466777899
011122223444666788
001112334456788889
011233344446667899
001122355555667889
012333444556667788
011112234556677788
01122345555788889
000122222334556899
000112244555677788
00011122345555779
001112344555667889
111112223456666789
00012244555678899
00011222556788899
000112234444677999
001223344555677999
01111233667778889
0001122344445566669
000111122244668899
0111112334466666689
1111244556666778899
122222244566777778
0012223334445677889
001122334557778889
00002223445567888
1444555566777888999
0000122333446667799
001122222344567889
0001233456788999999
0000122355566677899
000122233445557888
000122233344555888
022234455566778889
0001111344455568888
011222233566777999
000111123445678899
00012233445666667
0000000013355668899
0011222333344677889
0223344455566777799
012444445567778889
0001111233346678899
011222223334467789
011233555577778889
012333334445666778
0011222334444445678
00122334566777889
000111222345568888
002333555667788889
001122334455566799
001122223344566789
111133445677788888
001122334477888899
1122355666677788999
0223333344666678
00123333345677778
002334444555668889
002223334444567899
0133344445556788899
001122223333466799
011222244557788999
0111133344444568999
001111222334567779
000122334667788899
0011133444577888899
001233334445556888
01123455668888889
00014556667788
001222235556667788
00001122234447789
000111344567788899
013444445556677778
01122223445666688
000012244557888999
001233455667788889
000111245566788999
000122234455566
011223445556778999
011122334456667789
000222333344555667
011112333455577789
012223455666777888
00122234455668888
0000111222234567889
012222344455778889
00022222233477788
000000224566789999
0011112233444447799
000245555777888999
111122233344578889
001112222344566889
001112223344677889
001112224455788899
000111344556678889
001113334455567999
00000111125567889
111233445566677899
000011123345788899
000344445556668889
000122244445679999
00111123334667778
0111111224445667889
000122234555667789
01122233445578889
001113345556777789
001112456678888889
000233344556688899
000112234456666699
0001112223445567889
001222444556677999
012222455556789
001111223566778889
0112334566677777888
00011233455578899
0011223334444555669
0011112235566788889
00111122366889999
00222233455556799
01233345678888999
01222233667777788
01222233346678999
0000112334457888
0112334445667778889
0112233344556677889
012234446667778999
0011222334455578899
0012224445666788888
000112334557788999
00122345556668899
012234457778888889
000122244455677899
001122233445678888
112244555667788999
022344566778888999
0011223444466677789
0000111223335555999
0001222345556678899
000012335555677999
1122345555556777899
022223444456667789
00133444557888889
001122333445666899
000112334445566678
01111235555667889
001112233444556669
011333455667778888
001122223334446699
00002233445556678
0011233344666677778
0011112223344578889
001222344455577899
0011233455666677899
0011223334444558889
01122233334446778
000001122345777889
001133566777889
000223445555677789
00122333445679999
00222334456666677
0022233344555677889
000011122446666779
11112223335666678
011233334555889999
0011234467788999
000011122244456889
0011133444566778889
0011233345667888899
002222344456899
023444556667778899
011123355778889999
002445666677778889
0023455556778999
0011222334445578999
001112233334455899
0023345666679999
00112224566678889
01233456667888999
0111222344455667899
0111233334467778889
112222224456788999
00000011122334479
000011222223556689
00112366788888999
0012233333567788899
0000112222455678999
000011123444567799
011122223445678889
23346667778899
000122334444568899
000455666667888999
000114445566789999
001111222333577789
111222234456678
000011225555677899
123334444555677788
01123445556899999
112333344457779999
00001223444456668
000023346666788899
0000011122235567889
001122333345667799
0000012233466889
01233455566666679
11223445677778899
0011222224566678999
000001112244557889
0000122223446667899
011123444556668889
0011112223455677889
001122335678889999
01122233445566788
0022224444577899999
000112344455666777
000222355555667888
001123455567888999
011223344456778999
1112223334445557789
000001233346778899
00122255666677889
0011122335556677999
00112445666678889
112223455566778899
0122334556666899
011112334688889999
011223344555556678
001122334444666899
000222345677788899
12223344677788889
0001122556666678889
000123367888999999
0001112344455677999
000111233556677799
0011223444577777899
00122344556788899
11333366677899999
001233444444479
000012233556788999
000111235667788899
000022234566678999
011122223344555569
00001122234468888
011122235557789999
00112333455557788
01222233445556689
011234555677889999
000012223456677778
0011123455668999
000112345556677899
00001356677777889
000001123333347889
000111233455777899
001123334566788899
0122223334466668899
001122334666677789
001122345666679999
112334556777778899
01111222333345689
111233445556788999
011112344466789
01222334455567899
0000001222233344477
0133345557778899
001233334566777788
001123455677888999
00111234445566788
0001111234444666788
001224455667788999
0000112222344555678
001111123345567779
0122333335556788889
011122333344567789
000123333344456889
0000001112344456678
000122234566777788
222234467778888999
000123444455678899
00111233456667799
001124455667788899
011244456666688889
0000122223456678888
222234455556667778
000113456666677899
0011122333566677889
002234444444566999
011122236678889999
011223356667788889
011123444455668899
22234456677778899
0022223445555567889
000111234456677789
123445566677788889
000112223344455779
112233355555566789
000001123346777999
000233445666677799
001111133444555799
000124555555777788
002444567788899
00133445556666789
00111112223456789
0011133444445667799
0011112224445667888
011345555666677789
0000111223334468889
001112344456778899
0011111223444678888
0011122333456667778
112333344556799999
0011223344455556799
0000111135666889
000112223344567788
00011333444445678
1112222244566678889
0000112345677788
00001223445677799
000111222344678889
00013444466677888
12333344466778899
002223333445678899
001222333566788889
0012233455555557889
000122234556778899
002233445556677799
011222335567789999
001122444556777799
001111222344557778
012333444455677788
000111223334444568
