167.88
2.51
4894.49
291.97
0.29
0.03
0.42
0.21
11.07
0.92
1.36
0.12
66.20
220.68
360.71
3.04
36.78
1871.22
4588.59
5.42
1007.58
11.23
89.90
167231.83
17637.47
3.40
0.54
8340.94
66.20
275251.17
460.35
0.24
2.43
0.30
4318.67
0.11
26.48
4.17
28611.34
0.04
0.44
15291.73
349.20
0.11
2934.50
0.74
34406.40
16.05
134.76
1.54
17637.47
6358.08
5410.63
3.99
35760.22
0.41
inf
2.73
255.75
0.09
0.00
839.52
7.99
0.01
1871.22
0.22
2.66
700.73
1167.89
8.03
0.15
0.51
53.02
2557.71
239.45
9.93
91750.39
26.04
0.25
0.01
24.08
0.06
0.02
3670.87
28611.34
0.05
338.16
91.57
1082.13
12.04
1538.41
15325.81
25196.38
114445.37
3.72
354.01
5344.69
4.65
91.57
0.51
