mi desesperacion se aumenta al contemplar la
inmensidad de vuestro premio porque
despues de haber agotado los talentos 
las virtudes el genio 
mismo del mas grande de los 
heroes todavia seria yo indigno de
merecer el nombre
mi desesperacion se aumenta al contemplar la
inmensidad de vuestro premio porque
despues de haber agotado los talentos 
las virtudes el genio 
mismo del mas grande de los 
heroes todavia seria yo indigno de
merecer el nombre

mi desesperacion se aumenta al contemplar la
inmensidad de vuestro premio porque
despues de haber agotado los talentos 
las virtudes el genio 
mismo del mas grande de los 
heroes todavia seria yo indigno de
merecer el nombre

zzzzz

